04:48:43: Creating resource group General
04:48:43: Creating resource group Internal
04:48:43: Creating resource group Autodetect
04:48:43: SceneManagerFactory for type 'DefaultSceneManager' registered.
04:48:43: Registering ResourceManager for type Material
04:48:43: Registering ResourceManager for type Mesh
04:48:43: Registering ResourceManager for type Skeleton
04:48:43: MovableObjectFactory for type 'ParticleSystem' registered.
04:48:43: OverlayElementFactory for type Panel registered.
04:48:43: OverlayElementFactory for type BorderPanel registered.
04:48:43: OverlayElementFactory for type TextArea registered.
04:48:43: Registering ResourceManager for type Font
04:48:43: ArchiveFactory for archive type FileSystem registered.
04:48:43: ArchiveFactory for archive type Zip registered.
04:48:43: DDS codec registering
04:48:43: FreeImage version: 3.13.1
04:48:43: This program uses FreeImage, a free, open source image library supporting all common bitmap formats. See http://freeimage.sourceforge.net for details
04:48:44: Supported formats: bmp,ico,jpg,jif,jpeg,jpe,jng,koa,iff,lbm,mng,pbm,pbm,pcd,pcx,pgm,pgm,png,ppm,ppm,ras,tga,targa,tif,tiff,wap,wbmp,wbm,psd,cut,xbm,xpm,gif,hdr,g3,sgi,exr,j2k,j2c,jp2,pfm,pct,pict,pic,bay,bmq,cr2,crw,cs1,dc2,dcr,dng,erf,fff,hdr,k25,kdc,mdc,mos,mrw,nef,orf,pef,pxn,raf,raw,rdc,sr2,srf,arw,3fr,cine,ia,kc2,mef,nrw,qtk,rw2,sti,drf,dsc,ptx,cap,iiq,rwz
04:48:44: Registering ResourceManager for type HighLevelGpuProgram
04:48:44: Registering ResourceManager for type Compositor
04:48:44: MovableObjectFactory for type 'Entity' registered.
04:48:44: MovableObjectFactory for type 'Light' registered.
04:48:44: MovableObjectFactory for type 'BillboardSet' registered.
04:48:44: MovableObjectFactory for type 'ManualObject' registered.
04:48:44: MovableObjectFactory for type 'BillboardChain' registered.
04:48:44: MovableObjectFactory for type 'RibbonTrail' registered.
04:48:44: Loading library .\RenderSystem_Direct3D9_d
04:48:44: Installing plugin: D3D9 RenderSystem
04:48:44: D3D9 : Direct3D9 Rendering Subsystem created.
04:48:44: D3D9: Driver Detection Starts
04:48:44: D3D9: Driver Detection Ends
04:48:44: Plugin successfully installed
04:48:44: Loading library .\Plugin_ParticleFX_d
04:48:44: Installing plugin: ParticleFX
04:48:44: Particle Emitter Type 'Point' registered
04:48:44: Particle Emitter Type 'Box' registered
04:48:44: Particle Emitter Type 'Ellipsoid' registered
04:48:44: Particle Emitter Type 'Cylinder' registered
04:48:44: Particle Emitter Type 'Ring' registered
04:48:44: Particle Emitter Type 'HollowEllipsoid' registered
04:48:44: Particle Affector Type 'LinearForce' registered
04:48:44: Particle Affector Type 'ColourFader' registered
04:48:44: Particle Affector Type 'ColourFader2' registered
04:48:44: Particle Affector Type 'ColourImage' registered
04:48:44: Particle Affector Type 'ColourInterpolator' registered
04:48:44: Particle Affector Type 'Scaler' registered
04:48:44: Particle Affector Type 'Rotator' registered
04:48:44: Particle Affector Type 'DirectionRandomiser' registered
04:48:44: Particle Affector Type 'DeflectorPlane' registered
04:48:44: Plugin successfully installed
04:48:44: Loading library .\Plugin_CgProgramManager_d
04:48:44: Installing plugin: Cg Program Manager
04:48:44: Plugin successfully installed
04:48:44: *-*-* OGRE Initialising
04:48:44: *-*-* Version 1.7.2 (Cthugha)
04:48:44: Creating resource group Essential
04:48:44: Added resource location '../../media/thumbnails' of type 'FileSystem' to resource group 'Essential'
04:48:44: Added resource location '../../media/packs/SdkTrays.zip' of type 'Zip' to resource group 'Essential'
04:48:44: Added resource location '../../media' of type 'FileSystem' to resource group 'General'
04:48:44: Added resource location '../../media/packs/SkyBoxes.zip' of type 'Zip' to resource group 'General'
04:48:44: Creating resource group Hydrax
04:48:44: Added resource location '../../Media/Hydrax' of type 'FileSystem' to resource group 'Hydrax'
04:48:44: Creating resource group OgreBulletCollisions
04:48:44: Added resource location '../../media/OgreBulletCollisions' of type 'FileSystem' to resource group 'OgreBulletCollisions'
04:48:44: Creating resource group Popular
04:48:44: Added resource location '../../media/materials/programs' of type 'FileSystem' to resource group 'Popular'
04:48:44: Added resource location '../../media/materials/scripts' of type 'FileSystem' to resource group 'Popular'
04:48:44: Added resource location '../../media/materials/textures' of type 'FileSystem' to resource group 'Popular'
04:48:44: Added resource location '../../media/models' of type 'FileSystem' to resource group 'Popular'
04:48:44: Added resource location '../../media/particle' of type 'FileSystem' to resource group 'Popular'
04:48:44: D3D9 : RenderSystem Option: Allow NVPerfHUD = No
04:48:44: D3D9 : RenderSystem Option: FSAA = 0
04:48:44: D3D9 : RenderSystem Option: Floating-point mode = Fastest
04:48:44: D3D9 : RenderSystem Option: Full Screen = No
04:48:44: D3D9 : RenderSystem Option: Rendering Device = Monitor-1-NVIDIA Quadro FX 580
04:48:44: D3D9 : RenderSystem Option: Resource Creation Policy = Create on all devices
04:48:44: D3D9 : RenderSystem Option: VSync = No
04:48:44: D3D9 : RenderSystem Option: VSync Interval = 1
04:48:44: D3D9 : RenderSystem Option: Video Mode = 1360 x 768 @ 32-bit colour
04:48:44: D3D9 : RenderSystem Option: sRGB Gamma Conversion = No
04:48:46: CPU Identifier & Features
04:48:46: -------------------------
04:48:46:  *   CPU ID: AuthenticAMD: AMD Athlon(tm) II X4 630 Processor
04:48:46:  *      SSE: yes
04:48:46:  *     SSE2: yes
04:48:46:  *     SSE3: yes
04:48:46:  *      MMX: yes
04:48:46:  *   MMXEXT: yes
04:48:46:  *    3DNOW: yes
04:48:46:  * 3DNOWEXT: yes
04:48:46:  *     CMOV: yes
04:48:46:  *      TSC: yes
04:48:46:  *      FPU: yes
04:48:46:  *      PRO: yes
04:48:46:  *       HT: no
04:48:46: -------------------------
04:48:46: D3D9 : Subsystem Initialising
04:48:46: Registering ResourceManager for type Texture
04:48:46: Registering ResourceManager for type GpuProgram
04:48:46: D3D9RenderSystem::_createRenderWindow "__The_Chain_Reaction__", 1360x768 windowed  miscParams: FSAA=0 FSAAHint= colourDepth=32 gamma=false monitorIndex=0 useNVPerfHUD=false vsync=false vsyncInterval=1 
04:48:46: D3D9 : Created D3D9 Rendering Window '__The_Chain_Reaction__' : 1360x768, 32bpp
04:48:46: D3D9 : WARNING - disabling VSync in windowed mode can cause timing issues at lower frame rates, turn VSync on if you observe this problem.
04:48:46: D3D9: Vertex texture format supported - PF_FLOAT16_RGB
04:48:46: D3D9: Vertex texture format supported - PF_FLOAT16_RGBA
04:48:46: D3D9: Vertex texture format supported - PF_FLOAT32_RGB
04:48:46: D3D9: Vertex texture format supported - PF_FLOAT32_RGBA
04:48:46: D3D9: Vertex texture format supported - PF_FLOAT16_R
04:48:46: D3D9: Vertex texture format supported - PF_FLOAT32_R
04:48:46: D3D9: Vertex texture format supported - PF_FLOAT16_GR
04:48:46: D3D9: Vertex texture format supported - PF_FLOAT32_GR
04:48:46: RenderSystem capabilities
04:48:46: -------------------------
04:48:46: RenderSystem Name: Direct3D9 Rendering Subsystem
04:48:46: GPU Vendor: nvidia
04:48:46: Device Name: Monitor-1-NVIDIA Quadro FX 580
04:48:46: Driver Version: 8.17.12.7589
04:48:46:  * Fixed function pipeline: yes
04:48:46:  * Hardware generation of mipmaps: yes
04:48:46:  * Texture blending: yes
04:48:46:  * Anisotropic texture filtering: yes
04:48:46:  * Dot product texture operation: yes
04:48:46:  * Cube mapping: yes
04:48:46:  * Hardware stencil buffer: yes
04:48:46:    - Stencil depth: 8
04:48:46:    - Two sided stencil support: yes
04:48:46:    - Wrap stencil values: yes
04:48:46:  * Hardware vertex / index buffers: yes
04:48:46:  * Vertex programs: yes
04:48:46:  * Number of floating-point constants for vertex programs: 256
04:48:46:  * Number of integer constants for vertex programs: 16
04:48:46:  * Number of boolean constants for vertex programs: 16
04:48:46:  * Fragment programs: yes
04:48:46:  * Number of floating-point constants for fragment programs: 224
04:48:46:  * Number of integer constants for fragment programs: 16
04:48:46:  * Number of boolean constants for fragment programs: 16
04:48:46:  * Geometry programs: no
04:48:46:  * Number of floating-point constants for geometry programs: 0
04:48:46:  * Number of integer constants for geometry programs: 0
04:48:46:  * Number of boolean constants for geometry programs: 0
04:48:46:  * Supported Shader Profiles: hlsl ps_1_1 ps_1_2 ps_1_3 ps_1_4 ps_2_0 ps_2_a ps_2_b ps_2_x ps_3_0 vs_1_1 vs_2_0 vs_2_a vs_2_x vs_3_0
04:48:46:  * Texture Compression: yes
04:48:46:    - DXT: yes
04:48:46:    - VTC: no
04:48:46:    - PVRTC: no
04:48:46:  * Scissor Rectangle: yes
04:48:46:  * Hardware Occlusion Query: yes
04:48:46:  * User clip planes: yes
04:48:46:  * VET_UBYTE4 vertex element type: yes
04:48:46:  * Infinite far plane projection: yes
04:48:46:  * Hardware render-to-texture: yes
04:48:46:  * Floating point textures: yes
04:48:46:  * Non-power-of-two textures: yes
04:48:46:  * Volume textures: yes
04:48:46:  * Multiple Render Targets: 4
04:48:46:    - With different bit depths: yes
04:48:46:  * Point Sprites: yes
04:48:46:  * Extended point parameters: yes
04:48:46:  * Max Point Size: 10
04:48:46:  * Vertex texture fetch: yes
04:48:46:  * Number of world matrices: 0
04:48:46:  * Number of texture units: 8
04:48:46:  * Stencil buffer depth: 8
04:48:46:  * Number of vertex blend matrices: 0
04:48:46:    - Max vertex textures: 4
04:48:46:    - Vertex textures shared: no
04:48:46:  * Render to Vertex Buffer : no
04:48:46:  * DirectX per stage constants: yes
04:48:46: ***************************************
04:48:46: *** D3D9 : Subsystem Initialised OK ***
04:48:46: ***************************************
04:48:46: DefaultWorkQueue('Root') initialising on thread 0042AFE0.
04:48:46: DefaultWorkQueue('Root')::WorkerFunc - thread 0043F100 starting.
04:48:46: DefaultWorkQueue('Root')::WorkerFunc - thread 0043FD90 starting.
04:48:46: DefaultWorkQueue('Root')::WorkerFunc - thread 0043F170 starting.
04:48:46: DefaultWorkQueue('Root')::WorkerFunc - thread 004409B0 starting.
04:48:46: Particle Renderer Type 'billboard' registered
04:48:46: Initialising resource group Essential
04:48:46: Parsing scripts for resource group Essential
04:48:46: Parsing script SdkTrays.material
04:48:46: Parsing script SdkTrays.fontdef
04:48:46: Parsing script SdkTrays.overlay
04:48:46: Bad element attribute line: '# you can offset the image to change the cursor "hotspot"' for element SdkTrays/Cursor in overlay 
04:48:46: Texture: sdk_cursor.png: Loading 1 faces(PF_A8R8G8B8,32x32x1) with  hardware generated mipmaps from Image. Internal format is PF_A8R8G8B8,32x32x1.
04:48:46: Texture: sdk_tray.png: Loading 1 faces(PF_A8R8G8B8,64x64x1) with  hardware generated mipmaps from Image. Internal format is PF_A8R8G8B8,64x64x1.
04:48:46: Texture: sdk_button_up.png: Loading 1 faces(PF_A8R8G8B8,128x32x1) with  hardware generated mipmaps from Image. Internal format is PF_A8R8G8B8,128x32x1.
04:48:46: Texture: sdk_text_box.png: Loading 1 faces(PF_A8R8G8B8,32x32x1) with  hardware generated mipmaps from Image. Internal format is PF_A8R8G8B8,32x32x1.
04:48:46: Texture: sdk_mini_tray.png: Loading 1 faces(PF_A8R8G8B8,32x32x1) with  hardware generated mipmaps from Image. Internal format is PF_A8R8G8B8,32x32x1.
04:48:46: Texture: sdk_track.png: Loading 1 faces(PF_A8R8G8B8,16x32x1) with  hardware generated mipmaps from Image. Internal format is PF_A8R8G8B8,16x32x1.
04:48:46: Texture: sdk_handle.png: Loading 1 faces(PF_A8R8G8B8,16x16x1) with  hardware generated mipmaps from Image. Internal format is PF_A8R8G8B8,16x16x1.
04:48:46: Texture: sdk_mini_text_box.png: Loading 1 faces(PF_A8R8G8B8,32x32x1) with  hardware generated mipmaps from Image. Internal format is PF_A8R8G8B8,32x32x1.
04:48:47: Texture: sdk_label.png: Loading 1 faces(PF_A8R8G8B8,32x32x1) with  hardware generated mipmaps from Image. Internal format is PF_A8R8G8B8,32x32x1.
04:48:47: Texture: sdk_separator.png: Loading 1 faces(PF_A8R8G8B8,64x16x1) with  hardware generated mipmaps from Image. Internal format is PF_A8R8G8B8,64x16x1.
04:48:47: Texture: sdk_logo.png: Loading 1 faces(PF_A8R8G8B8,128x64x1) with  hardware generated mipmaps from Image. Internal format is PF_A8R8G8B8,128x64x1.
04:48:47: Texture: sdk_shade.png: Loading 1 faces(PF_A8R8G8B8,64x48x1) with 5 generated mipmaps from Image. Internal format is PF_A8R8G8B8,64x48x1.
04:48:47: Texture: sdk_frame.png: Loading 1 faces(PF_A8R8G8B8,32x32x1) with  hardware generated mipmaps from Image. Internal format is PF_A8R8G8B8,32x32x1.
04:48:47: Texture: sdk_mini_text_box_over.png: Loading 1 faces(PF_A8R8G8B8,32x32x1) with  hardware generated mipmaps from Image. Internal format is PF_A8R8G8B8,32x32x1.
04:48:47: Texture: sdk_pulse.png: Loading 1 faces(PF_R8G8B8,8x1x1) with  hardware generated mipmaps from Image. Internal format is PF_X8R8G8B8,8x1x1.
04:48:47: Finished parsing scripts for resource group Essential
04:48:47: *** Initializing OIS ***
04:48:47: Parsing scripts for resource group Autodetect
04:48:47: Font SdkTrays/Captionusing texture size 512x256
04:48:47: Info: Freetype returned null for character 160 in font SdkTrays/Caption
04:48:47: Texture: SdkTrays/CaptionTexture: Loading 1 faces(PF_BYTE_LA,512x256x1) with 0 generated mipmaps from Image. Internal format is PF_BYTE_LA,512x256x1.
04:48:47: Font SdkTrays/Valueusing texture size 512x256
04:48:47: Info: Freetype returned null for character 127 in font SdkTrays/Value
04:48:47: Info: Freetype returned null for character 128 in font SdkTrays/Value
04:48:47: Info: Freetype returned null for character 129 in font SdkTrays/Value
04:48:47: Info: Freetype returned null for character 130 in font SdkTrays/Value
04:48:47: Info: Freetype returned null for character 131 in font SdkTrays/Value
04:48:47: Info: Freetype returned null for character 132 in font SdkTrays/Value
04:48:47: Info: Freetype returned null for character 133 in font SdkTrays/Value
04:48:47: Info: Freetype returned null for character 134 in font SdkTrays/Value
04:48:47: Info: Freetype returned null for character 135 in font SdkTrays/Value
04:48:47: Info: Freetype returned null for character 136 in font SdkTrays/Value
04:48:47: Info: Freetype returned null for character 137 in font SdkTrays/Value
04:48:47: Info: Freetype returned null for character 138 in font SdkTrays/Value
04:48:47: Info: Freetype returned null for character 139 in font SdkTrays/Value
04:48:47: Info: Freetype returned null for character 140 in font SdkTrays/Value
04:48:47: Info: Freetype returned null for character 141 in font SdkTrays/Value
04:48:47: Info: Freetype returned null for character 142 in font SdkTrays/Value
04:48:47: Info: Freetype returned null for character 143 in font SdkTrays/Value
04:48:47: Info: Freetype returned null for character 144 in font SdkTrays/Value
04:48:47: Info: Freetype returned null for character 145 in font SdkTrays/Value
04:48:47: Info: Freetype returned null for character 146 in font SdkTrays/Value
04:48:47: Info: Freetype returned null for character 147 in font SdkTrays/Value
04:48:47: Info: Freetype returned null for character 148 in font SdkTrays/Value
04:48:47: Info: Freetype returned null for character 149 in font SdkTrays/Value
04:48:47: Info: Freetype returned null for character 150 in font SdkTrays/Value
04:48:47: Info: Freetype returned null for character 151 in font SdkTrays/Value
04:48:47: Info: Freetype returned null for character 152 in font SdkTrays/Value
04:48:47: Info: Freetype returned null for character 153 in font SdkTrays/Value
04:48:47: Info: Freetype returned null for character 154 in font SdkTrays/Value
04:48:47: Info: Freetype returned null for character 155 in font SdkTrays/Value
04:48:47: Info: Freetype returned null for character 156 in font SdkTrays/Value
04:48:47: Info: Freetype returned null for character 157 in font SdkTrays/Value
04:48:47: Info: Freetype returned null for character 158 in font SdkTrays/Value
04:48:47: Info: Freetype returned null for character 159 in font SdkTrays/Value
04:48:47: Info: Freetype returned null for character 160 in font SdkTrays/Value
04:48:47: Texture: SdkTrays/ValueTexture: Loading 1 faces(PF_BYTE_LA,512x256x1) with 0 generated mipmaps from Image. Internal format is PF_BYTE_LA,512x256x1.
04:48:47: Finished parsing scripts for resource group Autodetect
04:48:47: Parsing scripts for resource group General
04:48:47: Finished parsing scripts for resource group General
04:48:47: Parsing scripts for resource group Hydrax
04:48:47: Finished parsing scripts for resource group Hydrax
04:48:47: Parsing scripts for resource group Internal
04:48:47: Finished parsing scripts for resource group Internal
04:48:47: Parsing scripts for resource group OgreBulletCollisions
04:48:47: Finished parsing scripts for resource group OgreBulletCollisions
04:48:47: Parsing scripts for resource group Popular
04:48:47: Parsing script Bloom.material
04:48:47: Parsing script Bloom2.material
04:48:47: Parsing script CompositorDemo.material
04:48:47: Parsing script delorean.material
04:48:47: Parsing script Examples-Water.material
04:48:47: Parsing script hdr.material
04:48:47: Compiler error: reference to a non existing object in hdr.material(36)
04:48:48: Compiler error: reference to a non existing object in hdr.material(89)
04:48:48: Compiler error: reference to a non existing object in hdr.material(149)
04:48:48: Compiler error: reference to a non existing object in hdr.material(205)
04:48:48: Compiler error: reference to a non existing object in hdr.material(259)
04:48:48: Parsing script lever.material
04:48:48: Parsing script mechanimated.material
04:48:48: Parsing script RadialBlur.material
04:48:48: Parsing script rocket.material
04:48:48: Parsing script saturnv.material
04:48:48: Parsing script shadows.material
04:48:48: Parsing script SkyBox.material
04:48:48: Parsing script smoke.material
04:48:48: Parsing script terrain_ground.material
04:48:48: Parsing script wheel.material
04:48:48: Parsing script yatch.material
04:48:48: Parsing script smoke.particle
04:48:48: Parsing script Examples.compositor
04:48:48: Finished parsing scripts for resource group Popular
04:48:48: Texture: ct_fr.png: Loading 1 faces(PF_R8G8B8,512x512x1) with  hardware generated mipmaps from Image. Internal format is PF_X8R8G8B8,512x512x1.
04:48:49: Texture: ct_bk.png: Loading 1 faces(PF_R8G8B8,512x512x1) with  hardware generated mipmaps from Image. Internal format is PF_X8R8G8B8,512x512x1.
04:48:49: Texture: ct_lf.png: Loading 1 faces(PF_R8G8B8,512x512x1) with  hardware generated mipmaps from Image. Internal format is PF_X8R8G8B8,512x512x1.
04:48:49: Texture: ct_rt.png: Loading 1 faces(PF_R8G8B8,512x512x1) with  hardware generated mipmaps from Image. Internal format is PF_X8R8G8B8,512x512x1.
04:48:49: Texture: ct_up.png: Loading 1 faces(PF_R8G8B8,512x512x1) with  hardware generated mipmaps from Image. Internal format is PF_X8R8G8B8,512x512x1.
04:48:49: Texture: ct_dn.png: Loading 1 faces(PF_R8G8B8,512x512x1) with  hardware generated mipmaps from Image. Internal format is PF_X8R8G8B8,512x512x1.
04:48:49: Mesh: Loading delorean.mesh.
04:48:49: Mesh: Loading wheel.mesh.
04:48:49: WARNING: wheel.mesh is an older format ([MeshSerializer_v1.40]); you should upgrade it as soon as possible using the OgreMeshUpgrade tool.
04:48:49: Texture: Tire_tex.png: Loading 1 faces(PF_A8R8G8B8,256x256x1) with  hardware generated mipmaps from Image. Internal format is PF_A8R8G8B8,256x256x1.
04:48:49: *** Initializing OIS ***
04:48:49: Mesh: Loading terrain_ground.mesh.
04:48:49: Texture: brick.jpg: Loading 1 faces(PF_R8G8B8,696x648x1) with 5 generated mipmaps from Image. Internal format is PF_X8R8G8B8,696x648x1.
04:48:49: Texture: grass.jpg: Loading 1 faces(PF_R8G8B8,500x500x1) with 5 generated mipmaps from Image. Internal format is PF_X8R8G8B8,500x500x1.
04:48:49: Texture: wood.jpg: Loading 1 faces(PF_R8G8B8,468x313x1) with 5 generated mipmaps from Image. Internal format is PF_X8R8G8B8,468x313x1.
04:48:49: Texture: wood02.jpg: Loading 1 faces(PF_R8G8B8,500x500x1) with 5 generated mipmaps from Image. Internal format is PF_X8R8G8B8,500x500x1.
04:48:50: Texture: steel.jpg: Loading 1 faces(PF_R8G8B8,1440x1335x1) with 5 generated mipmaps from Image. Internal format is PF_X8R8G8B8,1440x1335x1.
04:48:50: Mesh: Loading saturnv.mesh.
04:48:50: OGRE EXCEPTION(6:FileNotFoundException): Cannot locate resource SATURNVU.GIF in resource group Popular or any other group. in ResourceGroupManager::openResource at ..\..\..\..\OgreMain\src\OgreResourceGroupManager.cpp (line 753)
04:48:50: Error loading texture SATURNVU.GIF. Texture layer will be blank. Loading the texture failed with the following exception: OGRE EXCEPTION(6:FileNotFoundException): Cannot locate resource SATURNVU.GIF in resource group Popular or any other group. in ResourceGroupManager::openResource at ..\..\..\..\OgreMain\src\OgreResourceGroupManager.cpp (line 753)
04:48:50: OGRE EXCEPTION(6:FileNotFoundException): Cannot locate resource SATURNVA.GIF in resource group Popular or any other group. in ResourceGroupManager::openResource at ..\..\..\..\OgreMain\src\OgreResourceGroupManager.cpp (line 753)
04:48:50: Error loading texture SATURNVA.GIF. Texture layer will be blank. Loading the texture failed with the following exception: OGRE EXCEPTION(6:FileNotFoundException): Cannot locate resource SATURNVA.GIF in resource group Popular or any other group. in ResourceGroupManager::openResource at ..\..\..\..\OgreMain\src\OgreResourceGroupManager.cpp (line 753)
04:48:50: OGRE EXCEPTION(6:FileNotFoundException): Cannot locate resource SATURNVT.GIF in resource group Popular or any other group. in ResourceGroupManager::openResource at ..\..\..\..\OgreMain\src\OgreResourceGroupManager.cpp (line 753)
04:48:50: Error loading texture SATURNVT.GIF. Texture layer will be blank. Loading the texture failed with the following exception: OGRE EXCEPTION(6:FileNotFoundException): Cannot locate resource SATURNVT.GIF in resource group Popular or any other group. in ResourceGroupManager::openResource at ..\..\..\..\OgreMain\src\OgreResourceGroupManager.cpp (line 753)
04:48:50: OGRE EXCEPTION(6:FileNotFoundException): Cannot locate resource SATURNVW.BMP in resource group Popular or any other group. in ResourceGroupManager::openResource at ..\..\..\..\OgreMain\src\OgreResourceGroupManager.cpp (line 753)
04:48:50: Error loading texture SATURNVW.BMP. Texture layer will be blank. Loading the texture failed with the following exception: OGRE EXCEPTION(6:FileNotFoundException): Cannot locate resource SATURNVW.BMP in resource group Popular or any other group. in ResourceGroupManager::openResource at ..\..\..\..\OgreMain\src\OgreResourceGroupManager.cpp (line 753)
04:48:50: Mesh: Loading mechanimated.mesh.
04:48:51: Texture: Water01.jpg: Loading 1 faces(PF_R8G8B8,512x512x1) with  hardware generated mipmaps from Image. Internal format is PF_X8R8G8B8,512x512x1.
04:48:51: [Hydrax] Hydrax created.
04:48:51: [Hydrax] HydraxDemo.hdx loaded.
04:48:51: [Hydrax] Creating module...
04:48:51: [Hydrax] Creating ProjectedGridVertex module.
04:48:51: [Hydrax] ProjectedGridVertex created.
04:48:51: [Hydrax] Module created.
04:48:51: [Hydrax] Initializating RTT Manager...
04:48:51: [Hydrax] RTT manager initialized.
04:48:51: [Hydrax] Registring device restored listener...
04:48:51: [Hydrax] Device restored listener registred.
04:48:51: [Hydrax] Creating materials...
04:48:51: [Hydrax] Creating water material...
04:48:51: Texture: Fresnel.bmp: Loading 1 faces(PF_L8,256x1x1) with  hardware generated mipmaps from Image. Internal format is PF_L8,256x1x1.
04:48:51: Texture: Foam.png: Loading 1 faces(PF_R8G8B8,512x512x1) with  hardware generated mipmaps from Image. Internal format is PF_X8R8G8B8,512x512x1.
04:48:51: [Hydrax] Water material created.
04:48:51: [Hydrax] Creating depth material...
04:48:51: Texture: Caustics_0.bmp: Loading 1 faces(PF_R8G8B8,128x128x1) with  hardware generated mipmaps from Image. Internal format is PF_X8R8G8B8,128x128x1.
04:48:51: Texture: Caustics_1.bmp: Loading 1 faces(PF_R8G8B8,128x128x1) with  hardware generated mipmaps from Image. Internal format is PF_X8R8G8B8,128x128x1.
04:48:51: Texture: Caustics_2.bmp: Loading 1 faces(PF_R8G8B8,128x128x1) with  hardware generated mipmaps from Image. Internal format is PF_X8R8G8B8,128x128x1.
04:48:51: Texture: Caustics_3.bmp: Loading 1 faces(PF_R8G8B8,128x128x1) with  hardware generated mipmaps from Image. Internal format is PF_X8R8G8B8,128x128x1.
04:48:51: Texture: Caustics_4.bmp: Loading 1 faces(PF_R8G8B8,128x128x1) with  hardware generated mipmaps from Image. Internal format is PF_X8R8G8B8,128x128x1.
04:48:51: Texture: Caustics_5.bmp: Loading 1 faces(PF_R8G8B8,128x128x1) with  hardware generated mipmaps from Image. Internal format is PF_X8R8G8B8,128x128x1.
04:48:51: Texture: Caustics_6.bmp: Loading 1 faces(PF_R8G8B8,128x128x1) with  hardware generated mipmaps from Image. Internal format is PF_X8R8G8B8,128x128x1.
04:48:51: Texture: Caustics_7.bmp: Loading 1 faces(PF_R8G8B8,128x128x1) with  hardware generated mipmaps from Image. Internal format is PF_X8R8G8B8,128x128x1.
04:48:51: Texture: Caustics_8.bmp: Loading 1 faces(PF_R8G8B8,128x128x1) with  hardware generated mipmaps from Image. Internal format is PF_X8R8G8B8,128x128x1.
04:48:51: Texture: Caustics_9.bmp: Loading 1 faces(PF_R8G8B8,128x128x1) with  hardware generated mipmaps from Image. Internal format is PF_X8R8G8B8,128x128x1.
04:48:51: Texture: Caustics_10.bmp: Loading 1 faces(PF_R8G8B8,128x128x1) with  hardware generated mipmaps from Image. Internal format is PF_X8R8G8B8,128x128x1.
04:48:51: Texture: Caustics_11.bmp: Loading 1 faces(PF_R8G8B8,128x128x1) with  hardware generated mipmaps from Image. Internal format is PF_X8R8G8B8,128x128x1.
04:48:51: Texture: Caustics_12.bmp: Loading 1 faces(PF_R8G8B8,128x128x1) with  hardware generated mipmaps from Image. Internal format is PF_X8R8G8B8,128x128x1.
04:48:51: Texture: Caustics_13.bmp: Loading 1 faces(PF_R8G8B8,128x128x1) with  hardware generated mipmaps from Image. Internal format is PF_X8R8G8B8,128x128x1.
04:48:51: Texture: Caustics_14.bmp: Loading 1 faces(PF_R8G8B8,128x128x1) with  hardware generated mipmaps from Image. Internal format is PF_X8R8G8B8,128x128x1.
04:48:51: Texture: Caustics_15.bmp: Loading 1 faces(PF_R8G8B8,128x128x1) with  hardware generated mipmaps from Image. Internal format is PF_X8R8G8B8,128x128x1.
04:48:51: Texture: Caustics_16.bmp: Loading 1 faces(PF_R8G8B8,128x128x1) with  hardware generated mipmaps from Image. Internal format is PF_X8R8G8B8,128x128x1.
04:48:51: Texture: Caustics_17.bmp: Loading 1 faces(PF_R8G8B8,128x128x1) with  hardware generated mipmaps from Image. Internal format is PF_X8R8G8B8,128x128x1.
04:48:51: Texture: Caustics_18.bmp: Loading 1 faces(PF_R8G8B8,128x128x1) with  hardware generated mipmaps from Image. Internal format is PF_X8R8G8B8,128x128x1.
04:48:51: Texture: Caustics_19.bmp: Loading 1 faces(PF_R8G8B8,128x128x1) with  hardware generated mipmaps from Image. Internal format is PF_X8R8G8B8,128x128x1.
04:48:51: Texture: Caustics_20.bmp: Loading 1 faces(PF_R8G8B8,128x128x1) with  hardware generated mipmaps from Image. Internal format is PF_X8R8G8B8,128x128x1.
04:48:51: Texture: Caustics_21.bmp: Loading 1 faces(PF_R8G8B8,128x128x1) with  hardware generated mipmaps from Image. Internal format is PF_X8R8G8B8,128x128x1.
04:48:51: Texture: Caustics_22.bmp: Loading 1 faces(PF_R8G8B8,128x128x1) with  hardware generated mipmaps from Image. Internal format is PF_X8R8G8B8,128x128x1.
04:48:51: Texture: Caustics_23.bmp: Loading 1 faces(PF_R8G8B8,128x128x1) with  hardware generated mipmaps from Image. Internal format is PF_X8R8G8B8,128x128x1.
04:48:51: Texture: Caustics_24.bmp: Loading 1 faces(PF_R8G8B8,128x128x1) with  hardware generated mipmaps from Image. Internal format is PF_X8R8G8B8,128x128x1.
04:48:51: Texture: Caustics_25.bmp: Loading 1 faces(PF_R8G8B8,128x128x1) with  hardware generated mipmaps from Image. Internal format is PF_X8R8G8B8,128x128x1.
04:48:51: Texture: Caustics_26.bmp: Loading 1 faces(PF_R8G8B8,128x128x1) with  hardware generated mipmaps from Image. Internal format is PF_X8R8G8B8,128x128x1.
04:48:51: Texture: Caustics_27.bmp: Loading 1 faces(PF_R8G8B8,128x128x1) with  hardware generated mipmaps from Image. Internal format is PF_X8R8G8B8,128x128x1.
04:48:51: Texture: Caustics_28.bmp: Loading 1 faces(PF_R8G8B8,128x128x1) with  hardware generated mipmaps from Image. Internal format is PF_X8R8G8B8,128x128x1.
04:48:51: Texture: Caustics_29.bmp: Loading 1 faces(PF_R8G8B8,128x128x1) with  hardware generated mipmaps from Image. Internal format is PF_X8R8G8B8,128x128x1.
04:48:51: Texture: Caustics_30.bmp: Loading 1 faces(PF_R8G8B8,128x128x1) with  hardware generated mipmaps from Image. Internal format is PF_X8R8G8B8,128x128x1.
04:48:51: Texture: Caustics_31.bmp: Loading 1 faces(PF_R8G8B8,128x128x1) with  hardware generated mipmaps from Image. Internal format is PF_X8R8G8B8,128x128x1.
04:48:51: [Hydrax] Depth material created.
04:48:51: [Hydrax] Creating underwater material...
04:48:51: OGRE EXCEPTION(6:FileNotFoundException): Cannot locate resource HydraxDepthReflectionMap in resource group Hydrax or any other group. in ResourceGroupManager::openResource at ..\..\..\..\OgreMain\src\OgreResourceGroupManager.cpp (line 753)
04:48:51: Error loading texture HydraxDepthReflectionMap. Texture layer will be blank. Loading the texture failed with the following exception: OGRE EXCEPTION(6:FileNotFoundException): Cannot locate resource HydraxDepthReflectionMap in resource group Hydrax or any other group. in ResourceGroupManager::openResource at ..\..\..\..\OgreMain\src\OgreResourceGroupManager.cpp (line 753)
04:48:51: Texture: UnderwaterDistortion.jpg: Loading 1 faces(PF_R8G8B8,256x256x1) with  hardware generated mipmaps from Image. Internal format is PF_X8R8G8B8,256x256x1.
04:48:51: [Hydrax] Underwater material created.
04:48:51: [Hydrax] Materials created.
04:48:51: [Hydrax] Creating god rays...
04:48:51: [Hydrax] Perlin destroyed.
04:48:51: [Hydrax] God rays created.
04:48:51: [Hydrax] Creating water mesh...
04:48:51: [Hydrax] Water mesh created.
04:48:51: Mesh: Loading yatch.mesh.
04:48:52: Texture: smile.jpg: Loading 1 faces(PF_R8G8B8,1234x1124x1) with 5 generated mipmaps from Image. Internal format is PF_X8R8G8B8,1234x1124x1.
04:48:52: Mesh: Loading lever.mesh.
04:48:54: CompositorChain: Compositor Motion Blur has no supported techniques.
04:48:54: CompositorChain: Compositor Heat Vision has no supported techniques.
04:48:55: Texture: smoke.png: Loading 1 faces(PF_A8R8G8B8,256x256x1) with  hardware generated mipmaps from Image. Internal format is PF_A8R8G8B8,256x256x1.
04:48:56: [Hydrax] Perlin destroyed.
04:48:56: [Hydrax] ProjectedGridVertex destroyed.
04:48:56: [Hydrax] Perlin destroyed.
04:48:56: [Hydrax] Hydrax object removed.
04:48:56: DefaultWorkQueue('Root') shutting down on thread 0042AFE0.
04:48:56: DefaultWorkQueue('Root')::WorkerFunc - thread 0043F100 stopped.
04:48:56: DefaultWorkQueue('Root')::WorkerFunc - thread 0043FD90 stopped.
04:48:56: DefaultWorkQueue('Root')::WorkerFunc - thread 004409B0 stopped.
04:48:56: DefaultWorkQueue('Root')::WorkerFunc - thread 0043F170 stopped.
04:48:56: *-*-* OGRE Shutdown
04:48:56: Unregistering ResourceManager for type Compositor
04:48:56: Unregistering ResourceManager for type Font
04:48:56: Unregistering ResourceManager for type Skeleton
04:48:56: Unregistering ResourceManager for type Mesh
04:48:56: Unregistering ResourceManager for type HighLevelGpuProgram
04:48:56: Uninstalling plugin: Cg Program Manager
04:48:56: Plugin successfully uninstalled
04:48:56: Unloading library .\Plugin_CgProgramManager_d
04:48:56: Uninstalling plugin: ParticleFX
04:48:56: Plugin successfully uninstalled
04:48:56: Unloading library .\Plugin_ParticleFX_d
04:48:56: Uninstalling plugin: D3D9 RenderSystem
04:48:56: D3D9 device: 0x[0377C200] destroy. Releasing D3D9 texture: MenuTexture
04:48:56: Released D3D9 texture: MenuTexture
04:48:56: D3D9 : Shutting down cleanly.
04:48:56: Unregistering ResourceManager for type Texture
04:48:56: Unregistering ResourceManager for type GpuProgram
04:48:56: D3D9 : Direct3D9 Rendering Subsystem destroyed.
04:48:56: Plugin successfully uninstalled
04:48:56: Unloading library .\RenderSystem_Direct3D9_d
04:48:56: Unregistering ResourceManager for type Material
