17:24:08: Creating resource group General
17:24:08: Creating resource group Internal
17:24:08: Creating resource group Autodetect
17:24:08: SceneManagerFactory for type 'DefaultSceneManager' registered.
17:24:08: Registering ResourceManager for type Material
17:24:08: Registering ResourceManager for type Mesh
17:24:08: Registering ResourceManager for type Skeleton
17:24:08: MovableObjectFactory for type 'ParticleSystem' registered.
17:24:08: OverlayElementFactory for type Panel registered.
17:24:08: OverlayElementFactory for type BorderPanel registered.
17:24:08: OverlayElementFactory for type TextArea registered.
17:24:08: Registering ResourceManager for type Font
17:24:08: ArchiveFactory for archive type FileSystem registered.
17:24:08: ArchiveFactory for archive type Zip registered.
17:24:08: DDS codec registering
17:24:08: FreeImage version: 3.13.1
17:24:08: This program uses FreeImage, a free, open source image library supporting all common bitmap formats. See http://freeimage.sourceforge.net for details
17:24:08: Supported formats: bmp,ico,jpg,jif,jpeg,jpe,jng,koa,iff,lbm,mng,pbm,pbm,pcd,pcx,pgm,pgm,png,ppm,ppm,ras,tga,targa,tif,tiff,wap,wbmp,wbm,psd,cut,xbm,xpm,gif,hdr,g3,sgi,exr,j2k,j2c,jp2,pfm,pct,pict,pic,bay,bmq,cr2,crw,cs1,dc2,dcr,dng,erf,fff,hdr,k25,kdc,mdc,mos,mrw,nef,orf,pef,pxn,raf,raw,rdc,sr2,srf,arw,3fr,cine,ia,kc2,mef,nrw,qtk,rw2,sti,drf,dsc,ptx,cap,iiq,rwz
17:24:08: Registering ResourceManager for type HighLevelGpuProgram
17:24:08: Registering ResourceManager for type Compositor
17:24:08: MovableObjectFactory for type 'Entity' registered.
17:24:08: MovableObjectFactory for type 'Light' registered.
17:24:08: MovableObjectFactory for type 'BillboardSet' registered.
17:24:08: MovableObjectFactory for type 'ManualObject' registered.
17:24:08: MovableObjectFactory for type 'BillboardChain' registered.
17:24:08: MovableObjectFactory for type 'RibbonTrail' registered.
17:24:08: Loading library .\RenderSystem_Direct3D9
17:24:08: Installing plugin: D3D9 RenderSystem
17:24:08: D3D9 : Direct3D9 Rendering Subsystem created.
17:24:08: D3D9: Driver Detection Starts
17:24:08: D3D9: Driver Detection Ends
17:24:08: Plugin successfully installed
17:24:08: Loading library .\RenderSystem_GL
17:24:08: Installing plugin: GL RenderSystem
17:24:08: OpenGL Rendering Subsystem created.
17:24:09: Plugin successfully installed
17:24:09: Loading library .\Plugin_ParticleFX
17:24:09: Installing plugin: ParticleFX
17:24:09: Particle Emitter Type 'Point' registered
17:24:09: Particle Emitter Type 'Box' registered
17:24:09: Particle Emitter Type 'Ellipsoid' registered
17:24:09: Particle Emitter Type 'Cylinder' registered
17:24:09: Particle Emitter Type 'Ring' registered
17:24:09: Particle Emitter Type 'HollowEllipsoid' registered
17:24:09: Particle Affector Type 'LinearForce' registered
17:24:09: Particle Affector Type 'ColourFader' registered
17:24:09: Particle Affector Type 'ColourFader2' registered
17:24:09: Particle Affector Type 'ColourImage' registered
17:24:09: Particle Affector Type 'ColourInterpolator' registered
17:24:09: Particle Affector Type 'Scaler' registered
17:24:09: Particle Affector Type 'Rotator' registered
17:24:09: Particle Affector Type 'DirectionRandomiser' registered
17:24:09: Particle Affector Type 'DeflectorPlane' registered
17:24:09: Plugin successfully installed
17:24:09: Loading library .\Plugin_BSPSceneManager
17:24:09: Installing plugin: BSP Scene Manager
17:24:09: Plugin successfully installed
17:24:09: Loading library .\Plugin_CgProgramManager
17:24:09: Installing plugin: Cg Program Manager
17:24:09: Plugin successfully installed
17:24:09: Loading library .\Plugin_PCZSceneManager
17:24:09: Installing plugin: Portal Connected Zone Scene Manager
17:24:09: PCZone Factory Type 'ZoneType_Default' registered
17:24:09: Plugin successfully installed
17:24:09: Loading library .\Plugin_OctreeZone
17:24:09: Installing plugin: Octree Zone Factory
17:24:09: Plugin successfully installed
17:24:09: Loading library .\Plugin_OctreeSceneManager
17:24:09: Installing plugin: Octree & Terrain Scene Manager
17:24:09: Plugin successfully installed
17:24:09: *-*-* OGRE Initialising
17:24:09: *-*-* Version 1.7.2 (Cthugha)
17:24:09: Creating resource group Essential
17:24:09: Added resource location '../../media/thumbnails' of type 'FileSystem' to resource group 'Essential'
17:24:09: Added resource location '../../media/packs/SdkTrays.zip' of type 'Zip' to resource group 'Essential'
17:24:09: Added resource location '../../media' of type 'FileSystem' to resource group 'General'
17:24:09: Creating resource group Hydrax
17:24:09: Added resource location '../../Media/Hydrax' of type 'FileSystem' to resource group 'Hydrax'
17:24:09: Creating resource group OgreBulletCollisions
17:24:09: Added resource location '../../media/OgreBulletCollisions' of type 'FileSystem' to resource group 'OgreBulletCollisions'
17:24:09: Creating resource group Popular
17:24:09: Added resource location '../../media/fonts' of type 'FileSystem' to resource group 'Popular'
17:24:09: Added resource location '../../media/materials/programs' of type 'FileSystem' to resource group 'Popular'
17:24:09: Added resource location '../../media/materials/scripts' of type 'FileSystem' to resource group 'Popular'
17:24:09: Added resource location '../../media/materials/textures' of type 'FileSystem' to resource group 'Popular'
17:24:09: Added resource location '../../media/materials/textures/nvidia' of type 'FileSystem' to resource group 'Popular'
17:24:09: Added resource location '../../media/models' of type 'FileSystem' to resource group 'Popular'
17:24:09: Added resource location '../../media/particle' of type 'FileSystem' to resource group 'Popular'
17:24:09: Added resource location '../../media/packs/SkyBoxes.zip' of type 'Zip' to resource group 'Popular'
17:24:09: D3D9 : RenderSystem Option: Allow NVPerfHUD = No
17:24:09: D3D9 : RenderSystem Option: FSAA = 0
17:24:09: D3D9 : RenderSystem Option: Floating-point mode = Fastest
17:24:09: D3D9 : RenderSystem Option: Full Screen = No
17:24:09: D3D9 : RenderSystem Option: Rendering Device = Monitor-1-NVIDIA Quadro FX 580
17:24:09: D3D9 : RenderSystem Option: Resource Creation Policy = Create on all devices
17:24:09: D3D9 : RenderSystem Option: VSync = No
17:24:09: D3D9 : RenderSystem Option: VSync Interval = 1
17:24:09: D3D9 : RenderSystem Option: Video Mode = 1280 x 720 @ 32-bit colour
17:24:09: D3D9 : RenderSystem Option: sRGB Gamma Conversion = No
