19:35:33: Creating resource group General
19:35:33: Creating resource group Internal
19:35:33: Creating resource group Autodetect
19:35:33: SceneManagerFactory for type 'DefaultSceneManager' registered.
19:35:33: Registering ResourceManager for type Material
19:35:33: Registering ResourceManager for type Mesh
19:35:33: Registering ResourceManager for type Skeleton
19:35:33: MovableObjectFactory for type 'ParticleSystem' registered.
19:35:33: OverlayElementFactory for type Panel registered.
19:35:33: OverlayElementFactory for type BorderPanel registered.
19:35:33: OverlayElementFactory for type TextArea registered.
19:35:33: Registering ResourceManager for type Font
19:35:33: ArchiveFactory for archive type FileSystem registered.
19:35:33: ArchiveFactory for archive type Zip registered.
19:35:33: DDS codec registering
19:35:33: FreeImage version: 3.13.1
19:35:33: This program uses FreeImage, a free, open source image library supporting all common bitmap formats. See http://freeimage.sourceforge.net for details
19:35:33: Supported formats: bmp,ico,jpg,jif,jpeg,jpe,jng,koa,iff,lbm,mng,pbm,pbm,pcd,pcx,pgm,pgm,png,ppm,ppm,ras,tga,targa,tif,tiff,wap,wbmp,wbm,psd,cut,xbm,xpm,gif,hdr,g3,sgi,exr,j2k,j2c,jp2,pfm,pct,pict,pic,bay,bmq,cr2,crw,cs1,dc2,dcr,dng,erf,fff,hdr,k25,kdc,mdc,mos,mrw,nef,orf,pef,pxn,raf,raw,rdc,sr2,srf,arw,3fr,cine,ia,kc2,mef,nrw,qtk,rw2,sti,drf,dsc,ptx,cap,iiq,rwz
19:35:33: Registering ResourceManager for type HighLevelGpuProgram
19:35:33: Registering ResourceManager for type Compositor
19:35:33: MovableObjectFactory for type 'Entity' registered.
19:35:33: MovableObjectFactory for type 'Light' registered.
19:35:33: MovableObjectFactory for type 'BillboardSet' registered.
19:35:33: MovableObjectFactory for type 'ManualObject' registered.
19:35:33: MovableObjectFactory for type 'BillboardChain' registered.
19:35:33: MovableObjectFactory for type 'RibbonTrail' registered.
19:35:33: OGRE EXCEPTION(6:FileNotFoundException): 'plugins_d.cfg' file not found! in ConfigFile::load at ..\..\..\..\OgreMain\src\OgreConfigFile.cpp (line 83)
19:35:33: plugins_d.cfg not found, automatic plugin loading disabled.
19:35:33: *-*-* OGRE Initialising
19:35:33: *-*-* Version 1.7.2 (Cthugha)
19:35:33: OGRE EXCEPTION(6:FileNotFoundException): 'resources_d.cfg' file not found! in ConfigFile::load at ..\..\..\..\OgreMain\src\OgreConfigFile.cpp (line 83)
