11:35:50: Creating resource group General
11:35:50: Creating resource group Internal
11:35:50: Creating resource group Autodetect
11:35:50: SceneManagerFactory for type 'DefaultSceneManager' registered.
11:35:50: Registering ResourceManager for type Material
11:35:50: Registering ResourceManager for type Mesh
11:35:50: Registering ResourceManager for type Skeleton
11:35:50: MovableObjectFactory for type 'ParticleSystem' registered.
11:35:50: OverlayElementFactory for type Panel registered.
11:35:50: OverlayElementFactory for type BorderPanel registered.
11:35:50: OverlayElementFactory for type TextArea registered.
11:35:50: Registering ResourceManager for type Font
11:35:50: ArchiveFactory for archive type FileSystem registered.
11:35:50: ArchiveFactory for archive type Zip registered.
11:35:50: DDS codec registering
11:35:50: FreeImage version: 3.13.1
11:35:50: This program uses FreeImage, a free, open source image library supporting all common bitmap formats. See http://freeimage.sourceforge.net for details
11:35:50: Supported formats: bmp,ico,jpg,jif,jpeg,jpe,jng,koa,iff,lbm,mng,pbm,pbm,pcd,pcx,pgm,pgm,png,ppm,ppm,ras,tga,targa,tif,tiff,wap,wbmp,wbm,psd,cut,xbm,xpm,gif,hdr,g3,sgi,exr,j2k,j2c,jp2,pfm,pct,pict,pic,bay,bmq,cr2,crw,cs1,dc2,dcr,dng,erf,fff,hdr,k25,kdc,mdc,mos,mrw,nef,orf,pef,pxn,raf,raw,rdc,sr2,srf,arw,3fr,cine,ia,kc2,mef,nrw,qtk,rw2,sti,drf,dsc,ptx,cap,iiq,rwz
11:35:50: Registering ResourceManager for type HighLevelGpuProgram
11:35:50: Registering ResourceManager for type Compositor
11:35:50: MovableObjectFactory for type 'Entity' registered.
11:35:50: MovableObjectFactory for type 'Light' registered.
11:35:50: MovableObjectFactory for type 'BillboardSet' registered.
11:35:50: MovableObjectFactory for type 'ManualObject' registered.
11:35:50: MovableObjectFactory for type 'BillboardChain' registered.
11:35:50: MovableObjectFactory for type 'RibbonTrail' registered.
11:35:50: Loading library .\RenderSystem_Direct3D9_d
11:35:50: Installing plugin: D3D9 RenderSystem
11:35:50: D3D9 : Direct3D9 Rendering Subsystem created.
11:35:50: D3D9: Driver Detection Starts
11:35:50: D3D9: Driver Detection Ends
11:35:50: Plugin successfully installed
11:35:50: Loading library .\RenderSystem_GL_d
11:35:50: Installing plugin: GL RenderSystem
11:35:50: OpenGL Rendering Subsystem created.
11:35:50: Plugin successfully installed
11:35:50: Loading library .\Plugin_ParticleFX_d
11:35:50: Installing plugin: ParticleFX
11:35:50: Particle Emitter Type 'Point' registered
11:35:50: Particle Emitter Type 'Box' registered
11:35:50: Particle Emitter Type 'Ellipsoid' registered
11:35:50: Particle Emitter Type 'Cylinder' registered
11:35:50: Particle Emitter Type 'Ring' registered
11:35:50: Particle Emitter Type 'HollowEllipsoid' registered
11:35:50: Particle Affector Type 'LinearForce' registered
11:35:50: Particle Affector Type 'ColourFader' registered
11:35:50: Particle Affector Type 'ColourFader2' registered
11:35:50: Particle Affector Type 'ColourImage' registered
11:35:50: Particle Affector Type 'ColourInterpolator' registered
11:35:50: Particle Affector Type 'Scaler' registered
11:35:50: Particle Affector Type 'Rotator' registered
11:35:50: Particle Affector Type 'DirectionRandomiser' registered
11:35:50: Particle Affector Type 'DeflectorPlane' registered
11:35:50: Plugin successfully installed
11:35:50: Loading library .\Plugin_BSPSceneManager_d
11:35:50: Installing plugin: BSP Scene Manager
11:35:50: Plugin successfully installed
11:35:50: Loading library .\Plugin_CgProgramManager_d
11:35:50: Installing plugin: Cg Program Manager
11:35:50: Plugin successfully installed
11:35:50: Loading library .\Plugin_PCZSceneManager_d
11:35:51: Installing plugin: Portal Connected Zone Scene Manager
11:35:51: PCZone Factory Type 'ZoneType_Default' registered
11:35:51: Plugin successfully installed
11:35:51: Loading library .\Plugin_OctreeZone_d
11:35:51: Installing plugin: Octree Zone Factory
11:35:51: Plugin successfully installed
11:35:51: Loading library .\Plugin_OctreeSceneManager_d
11:35:51: Installing plugin: Octree & Terrain Scene Manager
11:35:51: Plugin successfully installed
11:35:51: *-*-* OGRE Initialising
11:35:51: *-*-* Version 1.7.2 (Cthugha)
11:35:51: Creating resource group Essential
11:35:51: Added resource location '../../media/thumbnails' of type 'FileSystem' to resource group 'Essential'
11:35:51: Added resource location '../../media/packs/SdkTrays.zip' of type 'Zip' to resource group 'Essential'
11:35:51: Added resource location '../../media' of type 'FileSystem' to resource group 'General'
11:35:51: Added resource location '../../media/packs/SkyBoxes.zip' of type 'Zip' to resource group 'General'
11:35:51: Creating resource group Hydrax
11:35:51: Added resource location '../../Media/Hydrax' of type 'FileSystem' to resource group 'Hydrax'
11:35:51: Creating resource group OgreBulletCollisions
11:35:51: Added resource location '../../media/OgreBulletCollisions' of type 'FileSystem' to resource group 'OgreBulletCollisions'
11:35:51: Creating resource group Popular
11:35:51: Added resource location '../../media/materials/programs' of type 'FileSystem' to resource group 'Popular'
11:35:51: Added resource location '../../media/materials/scripts' of type 'FileSystem' to resource group 'Popular'
11:35:51: Added resource location '../../media/materials/textures' of type 'FileSystem' to resource group 'Popular'
11:35:51: Added resource location '../../media/materials/textures/nvidia' of type 'FileSystem' to resource group 'Popular'
11:35:51: Added resource location '../../media/models' of type 'FileSystem' to resource group 'Popular'
11:35:51: D3D9 : RenderSystem Option: Allow NVPerfHUD = No
11:35:51: D3D9 : RenderSystem Option: FSAA = 0
11:35:51: D3D9 : RenderSystem Option: Floating-point mode = Fastest
11:35:51: D3D9 : RenderSystem Option: Full Screen = No
11:35:51: D3D9 : RenderSystem Option: Rendering Device = Monitor-1-NVIDIA Quadro FX 580
11:35:51: D3D9 : RenderSystem Option: Resource Creation Policy = Create on all devices
11:35:51: D3D9 : RenderSystem Option: VSync = No
11:35:51: D3D9 : RenderSystem Option: VSync Interval = 1
11:35:51: D3D9 : RenderSystem Option: Video Mode = 1360 x 768 @ 32-bit colour
11:35:51: D3D9 : RenderSystem Option: sRGB Gamma Conversion = No
11:35:52: CPU Identifier & Features
11:35:52: -------------------------
11:35:52:  *   CPU ID: AuthenticAMD: AMD Athlon(tm) II X4 630 Processor
11:35:52:  *      SSE: yes
11:35:52:  *     SSE2: yes
11:35:52:  *     SSE3: yes
11:35:52:  *      MMX: yes
11:35:52:  *   MMXEXT: yes
11:35:52:  *    3DNOW: yes
11:35:52:  * 3DNOWEXT: yes
11:35:52:  *     CMOV: yes
11:35:52:  *      TSC: yes
11:35:52:  *      FPU: yes
11:35:52:  *      PRO: yes
11:35:52:  *       HT: no
11:35:52: -------------------------
11:35:52: D3D9 : Subsystem Initialising
11:35:52: Registering ResourceManager for type Texture
11:35:52: Registering ResourceManager for type GpuProgram
11:35:52: D3D9RenderSystem::_createRenderWindow "__The_Chain_Reaction__", 1360x768 windowed  miscParams: FSAA=0 FSAAHint= colourDepth=32 gamma=false monitorIndex=0 useNVPerfHUD=false vsync=false vsyncInterval=1 
11:35:52: D3D9 : Created D3D9 Rendering Window '__The_Chain_Reaction__' : 1360x768, 32bpp
11:35:52: D3D9 : WARNING - disabling VSync in windowed mode can cause timing issues at lower frame rates, turn VSync on if you observe this problem.
11:35:52: D3D9: Vertex texture format supported - PF_FLOAT16_RGB
11:35:52: D3D9: Vertex texture format supported - PF_FLOAT16_RGBA
11:35:52: D3D9: Vertex texture format supported - PF_FLOAT32_RGB
11:35:52: D3D9: Vertex texture format supported - PF_FLOAT32_RGBA
11:35:52: D3D9: Vertex texture format supported - PF_FLOAT16_R
11:35:52: D3D9: Vertex texture format supported - PF_FLOAT32_R
11:35:52: D3D9: Vertex texture format supported - PF_FLOAT16_GR
11:35:52: D3D9: Vertex texture format supported - PF_FLOAT32_GR
11:35:52: RenderSystem capabilities
11:35:52: -------------------------
11:35:52: RenderSystem Name: Direct3D9 Rendering Subsystem
11:35:52: GPU Vendor: nvidia
11:35:52: Device Name: Monitor-1-NVIDIA Quadro FX 580
11:35:52: Driver Version: 8.17.12.7589
11:35:52:  * Fixed function pipeline: yes
11:35:52:  * Hardware generation of mipmaps: yes
11:35:52:  * Texture blending: yes
11:35:52:  * Anisotropic texture filtering: yes
11:35:52:  * Dot product texture operation: yes
11:35:52:  * Cube mapping: yes
11:35:52:  * Hardware stencil buffer: yes
11:35:52:    - Stencil depth: 8
11:35:52:    - Two sided stencil support: yes
11:35:52:    - Wrap stencil values: yes
11:35:52:  * Hardware vertex / index buffers: yes
11:35:52:  * Vertex programs: yes
11:35:52:  * Number of floating-point constants for vertex programs: 256
11:35:52:  * Number of integer constants for vertex programs: 16
11:35:52:  * Number of boolean constants for vertex programs: 16
11:35:52:  * Fragment programs: yes
11:35:52:  * Number of floating-point constants for fragment programs: 224
11:35:52:  * Number of integer constants for fragment programs: 16
11:35:52:  * Number of boolean constants for fragment programs: 16
11:35:52:  * Geometry programs: no
11:35:52:  * Number of floating-point constants for geometry programs: 0
11:35:52:  * Number of integer constants for geometry programs: 15
11:35:52:  * Number of boolean constants for geometry programs: 0
11:35:52:  * Supported Shader Profiles: hlsl ps_1_1 ps_1_2 ps_1_3 ps_1_4 ps_2_0 ps_2_a ps_2_b ps_2_x ps_3_0 vs_1_1 vs_2_0 vs_2_a vs_2_x vs_3_0
11:35:52:  * Texture Compression: yes
11:35:52:    - DXT: yes
11:35:52:    - VTC: no
11:35:52:    - PVRTC: no
11:35:52:  * Scissor Rectangle: yes
11:35:52:  * Hardware Occlusion Query: yes
11:35:52:  * User clip planes: yes
11:35:52:  * VET_UBYTE4 vertex element type: yes
11:35:52:  * Infinite far plane projection: yes
11:35:52:  * Hardware render-to-texture: yes
11:35:52:  * Floating point textures: yes
11:35:52:  * Non-power-of-two textures: yes
11:35:52:  * Volume textures: yes
11:35:52:  * Multiple Render Targets: 4
11:35:52:    - With different bit depths: yes
11:35:52:  * Point Sprites: yes
11:35:52:  * Extended point parameters: yes
11:35:52:  * Max Point Size: 10
11:35:52:  * Vertex texture fetch: yes
11:35:52:  * Number of world matrices: 0
11:35:52:  * Number of texture units: 8
11:35:52:  * Stencil buffer depth: 8
11:35:52:  * Number of vertex blend matrices: 0
11:35:52:    - Max vertex textures: 4
11:35:52:    - Vertex textures shared: no
11:35:52:  * Render to Vertex Buffer : no
11:35:52:  * DirectX per stage constants: yes
11:35:52: ***************************************
11:35:52: *** D3D9 : Subsystem Initialised OK ***
11:35:52: ***************************************
11:35:52: DefaultWorkQueue('Root') initialising on thread 00AAD808.
11:35:52: DefaultWorkQueue('Root')::WorkerFunc - thread 00B9F088 starting.
11:35:52: DefaultWorkQueue('Root')::WorkerFunc - thread 00B9F0C8 starting.
11:35:52: DefaultWorkQueue('Root')::WorkerFunc - thread 00B9FD08 starting.
11:35:52: Particle Renderer Type 'billboard' registered
11:35:52: DefaultWorkQueue('Root')::WorkerFunc - thread 0438B840 starting.
11:35:52: SceneManagerFactory for type 'BspSceneManager' registered.
11:35:52: Registering ResourceManager for type BspLevel
11:35:52: SceneManagerFactory for type 'PCZSceneManager' registered.
11:35:52: MovableObjectFactory for type 'PCZLight' registered.
11:35:52: MovableObjectFactory for type 'Portal' registered.
11:35:52: MovableObjectFactory for type 'AntiPortal' registered.
11:35:52: PCZone Factory Type 'ZoneType_Octree' registered
11:35:52: PCZone Factory Type 'ZoneType_Terrain' registered
11:35:52: SceneManagerFactory for type 'OctreeSceneManager' registered.
11:35:52: SceneManagerFactory for type 'TerrainSceneManager' registered.
11:35:52: TerrainSceneManager: Registered a new PageSource for type Heightmap
11:35:52: Initialising resource group Essential
11:35:52: Parsing scripts for resource group Essential
11:35:52: Parsing script SdkTrays.material
11:35:52: Parsing script SdkTrays.fontdef
11:35:52: Parsing script SdkTrays.overlay
11:35:52: Bad element attribute line: '# you can offset the image to change the cursor "hotspot"' for element SdkTrays/Cursor in overlay 
11:35:52: Texture: sdk_cursor.png: Loading 1 faces(PF_A8R8G8B8,32x32x1) with  hardware generated mipmaps from Image. Internal format is PF_A8R8G8B8,32x32x1.
11:35:52: Texture: sdk_tray.png: Loading 1 faces(PF_A8R8G8B8,64x64x1) with  hardware generated mipmaps from Image. Internal format is PF_A8R8G8B8,64x64x1.
11:35:52: Texture: sdk_button_up.png: Loading 1 faces(PF_A8R8G8B8,128x32x1) with  hardware generated mipmaps from Image. Internal format is PF_A8R8G8B8,128x32x1.
11:35:52: Texture: sdk_text_box.png: Loading 1 faces(PF_A8R8G8B8,32x32x1) with  hardware generated mipmaps from Image. Internal format is PF_A8R8G8B8,32x32x1.
11:35:52: Texture: sdk_mini_tray.png: Loading 1 faces(PF_A8R8G8B8,32x32x1) with  hardware generated mipmaps from Image. Internal format is PF_A8R8G8B8,32x32x1.
11:35:52: Texture: sdk_track.png: Loading 1 faces(PF_A8R8G8B8,16x32x1) with  hardware generated mipmaps from Image. Internal format is PF_A8R8G8B8,16x32x1.
11:35:52: Texture: sdk_handle.png: Loading 1 faces(PF_A8R8G8B8,16x16x1) with  hardware generated mipmaps from Image. Internal format is PF_A8R8G8B8,16x16x1.
11:35:52: Texture: sdk_mini_text_box.png: Loading 1 faces(PF_A8R8G8B8,32x32x1) with  hardware generated mipmaps from Image. Internal format is PF_A8R8G8B8,32x32x1.
11:35:52: Texture: sdk_label.png: Loading 1 faces(PF_A8R8G8B8,32x32x1) with  hardware generated mipmaps from Image. Internal format is PF_A8R8G8B8,32x32x1.
11:35:52: Texture: sdk_separator.png: Loading 1 faces(PF_A8R8G8B8,64x16x1) with  hardware generated mipmaps from Image. Internal format is PF_A8R8G8B8,64x16x1.
11:35:52: Texture: sdk_logo.png: Loading 1 faces(PF_A8R8G8B8,128x64x1) with  hardware generated mipmaps from Image. Internal format is PF_A8R8G8B8,128x64x1.
11:35:52: Texture: sdk_shade.png: Loading 1 faces(PF_A8R8G8B8,64x48x1) with 5 generated mipmaps from Image. Internal format is PF_A8R8G8B8,64x48x1.
11:35:52: Texture: sdk_frame.png: Loading 1 faces(PF_A8R8G8B8,32x32x1) with  hardware generated mipmaps from Image. Internal format is PF_A8R8G8B8,32x32x1.
11:35:52: Texture: sdk_mini_text_box_over.png: Loading 1 faces(PF_A8R8G8B8,32x32x1) with  hardware generated mipmaps from Image. Internal format is PF_A8R8G8B8,32x32x1.
11:35:52: Texture: sdk_pulse.png: Loading 1 faces(PF_R8G8B8,8x1x1) with  hardware generated mipmaps from Image. Internal format is PF_X8R8G8B8,8x1x1.
11:35:52: Finished parsing scripts for resource group Essential
11:35:52: *** Initializing OIS ***
11:35:53: Parsing scripts for resource group Autodetect
11:35:53: Font SdkTrays/Captionusing texture size 512x256
11:35:53: Info: Freetype returned null for character 160 in font SdkTrays/Caption
11:35:53: Texture: SdkTrays/CaptionTexture: Loading 1 faces(PF_BYTE_LA,512x256x1) with 0 generated mipmaps from Image. Internal format is PF_BYTE_LA,512x256x1.
11:35:53: Font SdkTrays/Valueusing texture size 512x256
11:35:53: Info: Freetype returned null for character 127 in font SdkTrays/Value
11:35:53: Info: Freetype returned null for character 128 in font SdkTrays/Value
11:35:53: Info: Freetype returned null for character 129 in font SdkTrays/Value
11:35:53: Info: Freetype returned null for character 130 in font SdkTrays/Value
11:35:53: Info: Freetype returned null for character 131 in font SdkTrays/Value
11:35:53: Info: Freetype returned null for character 132 in font SdkTrays/Value
11:35:53: Info: Freetype returned null for character 133 in font SdkTrays/Value
11:35:53: Info: Freetype returned null for character 134 in font SdkTrays/Value
11:35:53: Info: Freetype returned null for character 135 in font SdkTrays/Value
11:35:53: Info: Freetype returned null for character 136 in font SdkTrays/Value
11:35:53: Info: Freetype returned null for character 137 in font SdkTrays/Value
11:35:53: Info: Freetype returned null for character 138 in font SdkTrays/Value
11:35:53: Info: Freetype returned null for character 139 in font SdkTrays/Value
11:35:53: Info: Freetype returned null for character 140 in font SdkTrays/Value
11:35:53: Info: Freetype returned null for character 141 in font SdkTrays/Value
11:35:53: Info: Freetype returned null for character 142 in font SdkTrays/Value
11:35:53: Info: Freetype returned null for character 143 in font SdkTrays/Value
11:35:53: Info: Freetype returned null for character 144 in font SdkTrays/Value
11:35:53: Info: Freetype returned null for character 145 in font SdkTrays/Value
11:35:53: Info: Freetype returned null for character 146 in font SdkTrays/Value
11:35:53: Info: Freetype returned null for character 147 in font SdkTrays/Value
11:35:53: Info: Freetype returned null for character 148 in font SdkTrays/Value
11:35:53: Info: Freetype returned null for character 149 in font SdkTrays/Value
11:35:53: Info: Freetype returned null for character 150 in font SdkTrays/Value
11:35:53: Info: Freetype returned null for character 151 in font SdkTrays/Value
11:35:53: Info: Freetype returned null for character 152 in font SdkTrays/Value
11:35:53: Info: Freetype returned null for character 153 in font SdkTrays/Value
11:35:53: Info: Freetype returned null for character 154 in font SdkTrays/Value
11:35:53: Info: Freetype returned null for character 155 in font SdkTrays/Value
11:35:53: Info: Freetype returned null for character 156 in font SdkTrays/Value
11:35:53: Info: Freetype returned null for character 157 in font SdkTrays/Value
11:35:53: Info: Freetype returned null for character 158 in font SdkTrays/Value
11:35:53: Info: Freetype returned null for character 159 in font SdkTrays/Value
11:35:53: Info: Freetype returned null for character 160 in font SdkTrays/Value
11:35:53: Texture: SdkTrays/ValueTexture: Loading 1 faces(PF_BYTE_LA,512x256x1) with 0 generated mipmaps from Image. Internal format is PF_BYTE_LA,512x256x1.
11:35:53: Finished parsing scripts for resource group Autodetect
11:35:53: Parsing scripts for resource group General
11:35:53: Finished parsing scripts for resource group General
11:35:53: Parsing scripts for resource group Hydrax
11:35:53: Finished parsing scripts for resource group Hydrax
11:35:53: Parsing scripts for resource group Internal
11:35:53: Finished parsing scripts for resource group Internal
11:35:53: Parsing scripts for resource group OgreBulletCollisions
11:35:53: Finished parsing scripts for resource group OgreBulletCollisions
11:35:53: Parsing scripts for resource group Popular
11:35:53: Parsing script Examples.program
11:35:53: Parsing script Base.material
11:35:53: Compiler error: reference to a non existing object in Base.material(103)
11:35:53: Compiler error: reference to a non existing object in Base.material(110)
11:35:53: Compiler error: reference to a non existing object in Base.material(116)
11:35:53: Compiler error: reference to a non existing object in Base.material(124)
11:35:53: Compiler error: reference to a non existing object in Base.material(103)
11:35:53: Compiler error: reference to a non existing object in Base.material(110)
11:35:53: Compiler error: reference to a non existing object in Base.material(116)
11:35:53: Compiler error: reference to a non existing object in Base.material(124)
11:35:53: Compiler error: reference to a non existing object in Base.material(182)
11:35:53: Compiler error: reference to a non existing object in Base.material(190)
11:35:53: Compiler error: reference to a non existing object in Base.material(103)
11:35:53: Compiler error: reference to a non existing object in Base.material(110)
11:35:53: Compiler error: reference to a non existing object in Base.material(116)
11:35:53: Compiler error: reference to a non existing object in Base.material(124)
11:35:53: Compiler error: reference to a non existing object in Base.material(182)
11:35:53: Compiler error: reference to a non existing object in Base.material(190)
11:35:53: Compiler error: reference to a non existing object in Base.material(103)
11:35:53: Compiler error: reference to a non existing object in Base.material(110)
11:35:53: Compiler error: reference to a non existing object in Base.material(116)
11:35:53: Compiler error: reference to a non existing object in Base.material(124)
11:35:53: Compiler error: reference to a non existing object in Base.material(182)
11:35:53: Compiler error: reference to a non existing object in Base.material(190)
11:35:53: Parsing script chassis.material
11:35:53: Parsing script delorean.material
11:35:53: Parsing script Example-Water.material
11:35:53: Parsing script Examples-Advanced.material
11:35:54: Parsing script Examples-DynTex.material
11:35:54: Parsing script Examples-Water.material
11:35:54: Parsing script Examples.material
11:35:54: OGRE EXCEPTION(6:FileNotFoundException): Cannot locate resource hdr.cg in resource group Popular or any other group. in ResourceGroupManager::openResource at ..\..\..\..\OgreMain\src\OgreResourceGroupManager.cpp (line 753)
11:35:54: High-level program Examples/MorningSkyBoxHDRfp encountered an error during loading and is thus not supported.
OGRE EXCEPTION(6:FileNotFoundException): Cannot locate resource hdr.cg in resource group Popular or any other group. in ResourceGroupManager::openResource at ..\..\..\..\OgreMain\src\OgreResourceGroupManager.cpp (line 753)
11:35:54: OGRE EXCEPTION(6:FileNotFoundException): Cannot locate resource hdr.cg in resource group Popular or any other group. in ResourceGroupManager::openResource at ..\..\..\..\OgreMain\src\OgreResourceGroupManager.cpp (line 753)
11:35:54: High-level program Examples/MorningCubeMapHDRfp encountered an error during loading and is thus not supported.
OGRE EXCEPTION(6:FileNotFoundException): Cannot locate resource hdr.cg in resource group Popular or any other group. in ResourceGroupManager::openResource at ..\..\..\..\OgreMain\src\OgreResourceGroupManager.cpp (line 753)
11:35:54: OGRE EXCEPTION(6:FileNotFoundException): Cannot locate resource Grass.cg in resource group Popular or any other group. in ResourceGroupManager::openResource at ..\..\..\..\OgreMain\src\OgreResourceGroupManager.cpp (line 753)
11:35:54: High-level program Examples/GrassWaverVp encountered an error during loading and is thus not supported.
OGRE EXCEPTION(6:FileNotFoundException): Cannot locate resource Grass.cg in resource group Popular or any other group. in ResourceGroupManager::openResource at ..\..\..\..\OgreMain\src\OgreResourceGroupManager.cpp (line 753)
11:35:54: OGRE EXCEPTION(2:InvalidParametersException): Named constants have not been initialised, perhaps a compile error. in GpuProgramParameters::_findNamedConstantDefinition at ..\..\..\..\OgreMain\src\OgreGpuProgramParams.cpp (line 1423)
11:35:54: Compiler error: invalid parameters in Examples.material(899): setting of constant failed
11:35:54: OGRE EXCEPTION(2:InvalidParametersException): Named constants have not been initialised, perhaps a compile error. in GpuProgramParameters::_findNamedConstantDefinition at ..\..\..\..\OgreMain\src\OgreGpuProgramParams.cpp (line 1423)
11:35:54: Compiler error: invalid parameters in Examples.material(901): setting of constant failed
11:35:54: OGRE EXCEPTION(2:InvalidParametersException): Named constants have not been initialised, perhaps a compile error. in GpuProgramParameters::_findNamedConstantDefinition at ..\..\..\..\OgreMain\src\OgreGpuProgramParams.cpp (line 1423)
11:35:54: Compiler error: invalid parameters in Examples.material(903): setting of constant failed
11:35:54: OGRE EXCEPTION(2:InvalidParametersException): Named constants have not been initialised, perhaps a compile error. in GpuProgramParameters::_findNamedConstantDefinition at ..\..\..\..\OgreMain\src\OgreGpuProgramParams.cpp (line 1423)
11:35:54: Compiler error: invalid parameters in Examples.material(904): setting of constant failed
11:35:54: OGRE EXCEPTION(2:InvalidParametersException): Named constants have not been initialised, perhaps a compile error. in GpuProgramParameters::_findNamedConstantDefinition at ..\..\..\..\OgreMain\src\OgreGpuProgramParams.cpp (line 1423)
11:35:54: Compiler error: invalid parameters in Examples.material(905): setting of constant failed
11:35:54: OGRE EXCEPTION(2:InvalidParametersException): Named constants have not been initialised, perhaps a compile error. in GpuProgramParameters::_findNamedConstantDefinition at ..\..\..\..\OgreMain\src\OgreGpuProgramParams.cpp (line 1423)
11:35:54: Compiler error: invalid parameters in Examples.material(907): setting of constant failed
11:35:54: OGRE EXCEPTION(6:FileNotFoundException): Cannot locate resource Grass.cg in resource group Popular or any other group. in ResourceGroupManager::openResource at ..\..\..\..\OgreMain\src\OgreResourceGroupManager.cpp (line 753)
11:35:54: High-level program Examples/GrassWaverTexVp encountered an error during loading and is thus not supported.
OGRE EXCEPTION(6:FileNotFoundException): Cannot locate resource Grass.cg in resource group Popular or any other group. in ResourceGroupManager::openResource at ..\..\..\..\OgreMain\src\OgreResourceGroupManager.cpp (line 753)
11:35:54: OGRE EXCEPTION(2:InvalidParametersException): Named constants have not been initialised, perhaps a compile error. in GpuProgramParameters::_findNamedConstantDefinition at ..\..\..\..\OgreMain\src\OgreGpuProgramParams.cpp (line 1423)
11:35:54: Compiler error: invalid parameters in Examples.material(919): setting of constant failed
11:35:54: OGRE EXCEPTION(2:InvalidParametersException): Named constants have not been initialised, perhaps a compile error. in GpuProgramParameters::_findNamedConstantDefinition at ..\..\..\..\OgreMain\src\OgreGpuProgramParams.cpp (line 1423)
11:35:54: Compiler error: invalid parameters in Examples.material(920): setting of constant failed
11:35:54: OGRE EXCEPTION(6:FileNotFoundException): Cannot locate resource Grass.cg in resource group Popular or any other group. in ResourceGroupManager::openResource at ..\..\..\..\OgreMain\src\OgreResourceGroupManager.cpp (line 753)
11:35:54: High-level program Examples/GrassWaverAmbientVp encountered an error during loading and is thus not supported.
OGRE EXCEPTION(6:FileNotFoundException): Cannot locate resource Grass.cg in resource group Popular or any other group. in ResourceGroupManager::openResource at ..\..\..\..\OgreMain\src\OgreResourceGroupManager.cpp (line 753)
11:35:54: OGRE EXCEPTION(2:InvalidParametersException): Named constants have not been initialised, perhaps a compile error. in GpuProgramParameters::_findNamedConstantDefinition at ..\..\..\..\OgreMain\src\OgreGpuProgramParams.cpp (line 1423)
11:35:54: Compiler error: invalid parameters in Examples.material(931): setting of constant failed
11:35:54: OGRE EXCEPTION(2:InvalidParametersException): Named constants have not been initialised, perhaps a compile error. in GpuProgramParameters::_findNamedConstantDefinition at ..\..\..\..\OgreMain\src\OgreGpuProgramParams.cpp (line 1423)
11:35:54: Compiler error: invalid parameters in Examples.material(932): setting of constant failed
11:35:54: OGRE EXCEPTION(2:InvalidParametersException): Named constants have not been initialised, perhaps a compile error. in GpuProgramParameters::_findNamedConstantDefinition at ..\..\..\..\OgreMain\src\OgreGpuProgramParams.cpp (line 1423)
11:35:54: Compiler error: invalid parameters in Examples.material(933): setting of constant failed
11:35:54: OGRE EXCEPTION(6:FileNotFoundException): Cannot locate resource Grass.cg in resource group Popular or any other group. in ResourceGroupManager::openResource at ..\..\..\..\OgreMain\src\OgreResourceGroupManager.cpp (line 753)
11:35:54: High-level program Examples/GrassWaverAmbientFp encountered an error during loading and is thus not supported.
OGRE EXCEPTION(6:FileNotFoundException): Cannot locate resource Grass.cg in resource group Popular or any other group. in ResourceGroupManager::openResource at ..\..\..\..\OgreMain\src\OgreResourceGroupManager.cpp (line 753)
11:35:54: OGRE EXCEPTION(6:FileNotFoundException): Cannot locate resource Grass.cg in resource group Popular or any other group. in ResourceGroupManager::openResource at ..\..\..\..\OgreMain\src\OgreResourceGroupManager.cpp (line 753)
11:35:54: High-level program Examples/GrassWaverFp encountered an error during loading and is thus not supported.
OGRE EXCEPTION(6:FileNotFoundException): Cannot locate resource Grass.cg in resource group Popular or any other group. in ResourceGroupManager::openResource at ..\..\..\..\OgreMain\src\OgreResourceGroupManager.cpp (line 753)
11:35:54: OGRE EXCEPTION(6:FileNotFoundException): Cannot locate resource Grass.cg in resource group Popular or any other group. in ResourceGroupManager::openResource at ..\..\..\..\OgreMain\src\OgreResourceGroupManager.cpp (line 753)
11:35:55: High-level program Examples/GrassWaverCasterVp encountered an error during loading and is thus not supported.
OGRE EXCEPTION(6:FileNotFoundException): Cannot locate resource Grass.cg in resource group Popular or any other group. in ResourceGroupManager::openResource at ..\..\..\..\OgreMain\src\OgreResourceGroupManager.cpp (line 753)
11:35:55: OGRE EXCEPTION(2:InvalidParametersException): Named constants have not been initialised, perhaps a compile error. in GpuProgramParameters::_findNamedConstantDefinition at ..\..\..\..\OgreMain\src\OgreGpuProgramParams.cpp (line 1423)
11:35:55: Compiler error: invalid parameters in Examples.material(963): setting of constant failed
11:35:55: OGRE EXCEPTION(2:InvalidParametersException): Named constants have not been initialised, perhaps a compile error. in GpuProgramParameters::_findNamedConstantDefinition at ..\..\..\..\OgreMain\src\OgreGpuProgramParams.cpp (line 1423)
11:35:55: Compiler error: invalid parameters in Examples.material(964): setting of constant failed
11:35:55: OGRE EXCEPTION(2:InvalidParametersException): Named constants have not been initialised, perhaps a compile error. in GpuProgramParameters::_findNamedConstantDefinition at ..\..\..\..\OgreMain\src\OgreGpuProgramParams.cpp (line 1423)
11:35:55: Compiler error: invalid parameters in Examples.material(965): setting of constant failed
11:35:55: OGRE EXCEPTION(6:FileNotFoundException): Cannot locate resource Grass.cg in resource group Popular or any other group. in ResourceGroupManager::openResource at ..\..\..\..\OgreMain\src\OgreResourceGroupManager.cpp (line 753)
11:35:55: High-level program Examples/GrassWaverCasterFp encountered an error during loading and is thus not supported.
OGRE EXCEPTION(6:FileNotFoundException): Cannot locate resource Grass.cg in resource group Popular or any other group. in ResourceGroupManager::openResource at ..\..\..\..\OgreMain\src\OgreResourceGroupManager.cpp (line 753)
11:35:55: OGRE EXCEPTION(6:FileNotFoundException): Cannot locate resource Grass.cg in resource group Popular or any other group. in ResourceGroupManager::openResource at ..\..\..\..\OgreMain\src\OgreResourceGroupManager.cpp (line 753)
11:35:55: High-level program Examples/GrassWaverReceiverVp encountered an error during loading and is thus not supported.
OGRE EXCEPTION(6:FileNotFoundException): Cannot locate resource Grass.cg in resource group Popular or any other group. in ResourceGroupManager::openResource at ..\..\..\..\OgreMain\src\OgreResourceGroupManager.cpp (line 753)
11:35:55: OGRE EXCEPTION(2:InvalidParametersException): Named constants have not been initialised, perhaps a compile error. in GpuProgramParameters::_findNamedConstantDefinition at ..\..\..\..\OgreMain\src\OgreGpuProgramParams.cpp (line 1423)
11:35:55: Compiler error: invalid parameters in Examples.material(986): setting of constant failed
11:35:55: OGRE EXCEPTION(2:InvalidParametersException): Named constants have not been initialised, perhaps a compile error. in GpuProgramParameters::_findNamedConstantDefinition at ..\..\..\..\OgreMain\src\OgreGpuProgramParams.cpp (line 1423)
11:35:55: Compiler error: invalid parameters in Examples.material(987): setting of constant failed
11:35:55: OGRE EXCEPTION(2:InvalidParametersException): Named constants have not been initialised, perhaps a compile error. in GpuProgramParameters::_findNamedConstantDefinition at ..\..\..\..\OgreMain\src\OgreGpuProgramParams.cpp (line 1423)
11:35:55: Compiler error: invalid parameters in Examples.material(988): setting of constant failed
11:35:55: OGRE EXCEPTION(2:InvalidParametersException): Named constants have not been initialised, perhaps a compile error. in GpuProgramParameters::_findNamedConstantDefinition at ..\..\..\..\OgreMain\src\OgreGpuProgramParams.cpp (line 1423)
11:35:55: Compiler error: invalid parameters in Examples.material(990): setting of constant failed
11:35:55: OGRE EXCEPTION(2:InvalidParametersException): Named constants have not been initialised, perhaps a compile error. in GpuProgramParameters::_findNamedConstantDefinition at ..\..\..\..\OgreMain\src\OgreGpuProgramParams.cpp (line 1423)
11:35:55: Compiler error: invalid parameters in Examples.material(992): setting of constant failed
11:35:55: OGRE EXCEPTION(2:InvalidParametersException): Named constants have not been initialised, perhaps a compile error. in GpuProgramParameters::_findNamedConstantDefinition at ..\..\..\..\OgreMain\src\OgreGpuProgramParams.cpp (line 1423)
11:35:55: Compiler error: invalid parameters in Examples.material(993): setting of constant failed
11:35:55: OGRE EXCEPTION(2:InvalidParametersException): Named constants have not been initialised, perhaps a compile error. in GpuProgramParameters::_findNamedConstantDefinition at ..\..\..\..\OgreMain\src\OgreGpuProgramParams.cpp (line 1423)
11:35:55: Compiler error: invalid parameters in Examples.material(995): setting of constant failed
11:35:55: OGRE EXCEPTION(6:FileNotFoundException): Cannot locate resource Grass.cg in resource group Popular or any other group. in ResourceGroupManager::openResource at ..\..\..\..\OgreMain\src\OgreResourceGroupManager.cpp (line 753)
11:35:55: High-level program Examples/GrassWaverReceiverFp encountered an error during loading and is thus not supported.
OGRE EXCEPTION(6:FileNotFoundException): Cannot locate resource Grass.cg in resource group Popular or any other group. in ResourceGroupManager::openResource at ..\..\..\..\OgreMain\src\OgreResourceGroupManager.cpp (line 753)
11:35:55: OGRE EXCEPTION(2:InvalidParametersException): Named constants have not been initialised, perhaps a compile error. in GpuProgramParameters::_findNamedConstantDefinition at ..\..\..\..\OgreMain\src\OgreGpuProgramParams.cpp (line 1423)
11:35:55: Compiler error: invalid parameters in Examples.material(1009): setting of constant failed
11:35:55: OGRE EXCEPTION(2:InvalidParametersException): Named constants have not been initialised, perhaps a compile error. in GpuProgramParameters::_findNamedConstantDefinition at ..\..\..\..\OgreMain\src\OgreGpuProgramParams.cpp (line 1423)
11:35:55: Compiler error: invalid parameters in Examples.material(1010): setting of constant failed
11:35:55: OGRE EXCEPTION(2:InvalidParametersException): Named constants have not been initialised, perhaps a compile error. in GpuProgramParameters::_findNamedConstantDefinition at ..\..\..\..\OgreMain\src\OgreGpuProgramParams.cpp (line 1423)
11:35:55: Compiler error: invalid parameters in Examples.material(1011): setting of constant failed
11:35:55: Parsing script Island.material
11:35:55: Parsing script Nissan_1400_Bakkie.material
11:35:55: Parsing script Palm.material
11:35:55: Parsing script SkyBox.material
11:35:55: Parsing script target.material
11:35:55: Parsing script terrain_ground.material
11:35:55: Parsing script wheel.material
11:35:55: Parsing script WT.material
11:35:55: Parsing script Examples.compositor
11:35:55: Finished parsing scripts for resource group Popular
11:35:55: Mesh: Loading delorean.mesh.
11:35:55: Mesh: Loading wheel.mesh.
11:35:55: WARNING: wheel.mesh is an older format ([MeshSerializer_v1.40]); you should upgrade it as soon as possible using the OgreMeshUpgrade tool.
11:35:55: Texture: Tire_tex.png: Loading 1 faces(PF_A8R8G8B8,256x256x1) with  hardware generated mipmaps from Image. Internal format is PF_A8R8G8B8,256x256x1.
11:35:55: *** Initializing OIS ***
11:35:55: [Hydrax] Hydrax created.
11:35:55: [Hydrax] HydraxDemo.hdx loaded.
11:35:55: [Hydrax] Creating module...
11:35:55: [Hydrax] Creating ProjectedGridVertex module.
11:35:55: [Hydrax] ProjectedGridVertex created.
11:35:55: [Hydrax] Module created.
11:35:55: [Hydrax] Initializating RTT Manager...
11:35:55: [Hydrax] RTT manager initialized.
11:35:55: [Hydrax] Registring device restored listener...
11:35:55: [Hydrax] Device restored listener registred.
11:35:55: [Hydrax] Creating materials...
11:35:56: [Hydrax] Creating water material...
11:35:56: Texture: Fresnel.bmp: Loading 1 faces(PF_L8,256x1x1) with  hardware generated mipmaps from Image. Internal format is PF_L8,256x1x1.
11:35:56: Texture: Foam.png: Loading 1 faces(PF_R8G8B8,512x512x1) with  hardware generated mipmaps from Image. Internal format is PF_X8R8G8B8,512x512x1.
11:35:56: [Hydrax] Water material created.
11:35:56: [Hydrax] Creating depth material...
11:35:56: Texture: Caustics_0.bmp: Loading 1 faces(PF_R8G8B8,128x128x1) with  hardware generated mipmaps from Image. Internal format is PF_X8R8G8B8,128x128x1.
11:35:56: Texture: Caustics_1.bmp: Loading 1 faces(PF_R8G8B8,128x128x1) with  hardware generated mipmaps from Image. Internal format is PF_X8R8G8B8,128x128x1.
11:35:56: Texture: Caustics_2.bmp: Loading 1 faces(PF_R8G8B8,128x128x1) with  hardware generated mipmaps from Image. Internal format is PF_X8R8G8B8,128x128x1.
11:35:56: Texture: Caustics_3.bmp: Loading 1 faces(PF_R8G8B8,128x128x1) with  hardware generated mipmaps from Image. Internal format is PF_X8R8G8B8,128x128x1.
11:35:56: Texture: Caustics_4.bmp: Loading 1 faces(PF_R8G8B8,128x128x1) with  hardware generated mipmaps from Image. Internal format is PF_X8R8G8B8,128x128x1.
11:35:56: Texture: Caustics_5.bmp: Loading 1 faces(PF_R8G8B8,128x128x1) with  hardware generated mipmaps from Image. Internal format is PF_X8R8G8B8,128x128x1.
11:35:56: Texture: Caustics_6.bmp: Loading 1 faces(PF_R8G8B8,128x128x1) with  hardware generated mipmaps from Image. Internal format is PF_X8R8G8B8,128x128x1.
11:35:56: Texture: Caustics_7.bmp: Loading 1 faces(PF_R8G8B8,128x128x1) with  hardware generated mipmaps from Image. Internal format is PF_X8R8G8B8,128x128x1.
11:35:56: Texture: Caustics_8.bmp: Loading 1 faces(PF_R8G8B8,128x128x1) with  hardware generated mipmaps from Image. Internal format is PF_X8R8G8B8,128x128x1.
11:35:56: Texture: Caustics_9.bmp: Loading 1 faces(PF_R8G8B8,128x128x1) with  hardware generated mipmaps from Image. Internal format is PF_X8R8G8B8,128x128x1.
11:35:56: Texture: Caustics_10.bmp: Loading 1 faces(PF_R8G8B8,128x128x1) with  hardware generated mipmaps from Image. Internal format is PF_X8R8G8B8,128x128x1.
11:35:56: Texture: Caustics_11.bmp: Loading 1 faces(PF_R8G8B8,128x128x1) with  hardware generated mipmaps from Image. Internal format is PF_X8R8G8B8,128x128x1.
11:35:56: Texture: Caustics_12.bmp: Loading 1 faces(PF_R8G8B8,128x128x1) with  hardware generated mipmaps from Image. Internal format is PF_X8R8G8B8,128x128x1.
11:35:56: Texture: Caustics_13.bmp: Loading 1 faces(PF_R8G8B8,128x128x1) with  hardware generated mipmaps from Image. Internal format is PF_X8R8G8B8,128x128x1.
11:35:56: Texture: Caustics_14.bmp: Loading 1 faces(PF_R8G8B8,128x128x1) with  hardware generated mipmaps from Image. Internal format is PF_X8R8G8B8,128x128x1.
11:35:56: Texture: Caustics_15.bmp: Loading 1 faces(PF_R8G8B8,128x128x1) with  hardware generated mipmaps from Image. Internal format is PF_X8R8G8B8,128x128x1.
11:35:56: Texture: Caustics_16.bmp: Loading 1 faces(PF_R8G8B8,128x128x1) with  hardware generated mipmaps from Image. Internal format is PF_X8R8G8B8,128x128x1.
11:35:56: Texture: Caustics_17.bmp: Loading 1 faces(PF_R8G8B8,128x128x1) with  hardware generated mipmaps from Image. Internal format is PF_X8R8G8B8,128x128x1.
11:35:56: Texture: Caustics_18.bmp: Loading 1 faces(PF_R8G8B8,128x128x1) with  hardware generated mipmaps from Image. Internal format is PF_X8R8G8B8,128x128x1.
11:35:56: Texture: Caustics_19.bmp: Loading 1 faces(PF_R8G8B8,128x128x1) with  hardware generated mipmaps from Image. Internal format is PF_X8R8G8B8,128x128x1.
11:35:56: Texture: Caustics_20.bmp: Loading 1 faces(PF_R8G8B8,128x128x1) with  hardware generated mipmaps from Image. Internal format is PF_X8R8G8B8,128x128x1.
11:35:56: Texture: Caustics_21.bmp: Loading 1 faces(PF_R8G8B8,128x128x1) with  hardware generated mipmaps from Image. Internal format is PF_X8R8G8B8,128x128x1.
11:35:56: Texture: Caustics_22.bmp: Loading 1 faces(PF_R8G8B8,128x128x1) with  hardware generated mipmaps from Image. Internal format is PF_X8R8G8B8,128x128x1.
11:35:56: Texture: Caustics_23.bmp: Loading 1 faces(PF_R8G8B8,128x128x1) with  hardware generated mipmaps from Image. Internal format is PF_X8R8G8B8,128x128x1.
11:35:56: Texture: Caustics_24.bmp: Loading 1 faces(PF_R8G8B8,128x128x1) with  hardware generated mipmaps from Image. Internal format is PF_X8R8G8B8,128x128x1.
11:35:56: Texture: Caustics_25.bmp: Loading 1 faces(PF_R8G8B8,128x128x1) with  hardware generated mipmaps from Image. Internal format is PF_X8R8G8B8,128x128x1.
11:35:56: Texture: Caustics_26.bmp: Loading 1 faces(PF_R8G8B8,128x128x1) with  hardware generated mipmaps from Image. Internal format is PF_X8R8G8B8,128x128x1.
11:35:56: Texture: Caustics_27.bmp: Loading 1 faces(PF_R8G8B8,128x128x1) with  hardware generated mipmaps from Image. Internal format is PF_X8R8G8B8,128x128x1.
11:35:56: Texture: Caustics_28.bmp: Loading 1 faces(PF_R8G8B8,128x128x1) with  hardware generated mipmaps from Image. Internal format is PF_X8R8G8B8,128x128x1.
11:35:56: Texture: Caustics_29.bmp: Loading 1 faces(PF_R8G8B8,128x128x1) with  hardware generated mipmaps from Image. Internal format is PF_X8R8G8B8,128x128x1.
11:35:56: Texture: Caustics_30.bmp: Loading 1 faces(PF_R8G8B8,128x128x1) with  hardware generated mipmaps from Image. Internal format is PF_X8R8G8B8,128x128x1.
11:35:56: Texture: Caustics_31.bmp: Loading 1 faces(PF_R8G8B8,128x128x1) with  hardware generated mipmaps from Image. Internal format is PF_X8R8G8B8,128x128x1.
11:35:56: [Hydrax] Depth material created.
11:35:56: [Hydrax] Creating underwater material...
11:35:56: OGRE EXCEPTION(6:FileNotFoundException): Cannot locate resource HydraxDepthReflectionMap in resource group Hydrax or any other group. in ResourceGroupManager::openResource at ..\..\..\..\OgreMain\src\OgreResourceGroupManager.cpp (line 753)
11:35:56: Error loading texture HydraxDepthReflectionMap. Texture layer will be blank. Loading the texture failed with the following exception: OGRE EXCEPTION(6:FileNotFoundException): Cannot locate resource HydraxDepthReflectionMap in resource group Hydrax or any other group. in ResourceGroupManager::openResource at ..\..\..\..\OgreMain\src\OgreResourceGroupManager.cpp (line 753)
11:35:56: Texture: UnderwaterDistortion.jpg: Loading 1 faces(PF_R8G8B8,256x256x1) with  hardware generated mipmaps from Image. Internal format is PF_X8R8G8B8,256x256x1.
11:35:56: [Hydrax] Underwater material created.
11:35:56: [Hydrax] Materials created.
11:35:56: [Hydrax] Creating god rays...
11:35:56: [Hydrax] Perlin destroyed.
11:35:56: [Hydrax] God rays created.
11:35:56: [Hydrax] Creating water mesh...
11:35:56: [Hydrax] Water mesh created.
11:35:56: Texture: ct_fr.png: Loading 1 faces(PF_R8G8B8,512x512x1) with  hardware generated mipmaps from Image. Internal format is PF_X8R8G8B8,512x512x1.
11:35:56: Texture: ct_bk.png: Loading 1 faces(PF_R8G8B8,512x512x1) with  hardware generated mipmaps from Image. Internal format is PF_X8R8G8B8,512x512x1.
11:35:56: Texture: ct_lf.png: Loading 1 faces(PF_R8G8B8,512x512x1) with  hardware generated mipmaps from Image. Internal format is PF_X8R8G8B8,512x512x1.
11:35:56: Texture: ct_rt.png: Loading 1 faces(PF_R8G8B8,512x512x1) with  hardware generated mipmaps from Image. Internal format is PF_X8R8G8B8,512x512x1.
11:35:56: Texture: ct_up.png: Loading 1 faces(PF_R8G8B8,512x512x1) with  hardware generated mipmaps from Image. Internal format is PF_X8R8G8B8,512x512x1.
11:35:57: Texture: ct_dn.png: Loading 1 faces(PF_R8G8B8,512x512x1) with  hardware generated mipmaps from Image. Internal format is PF_X8R8G8B8,512x512x1.
11:35:57: Mesh: Loading terrain_ground.mesh.
11:35:57: Texture: brick.jpg: Loading 1 faces(PF_R8G8B8,696x648x1) with 5 generated mipmaps from Image. Internal format is PF_X8R8G8B8,696x648x1.
11:35:57: Texture: grass.jpg: Loading 1 faces(PF_R8G8B8,500x500x1) with 5 generated mipmaps from Image. Internal format is PF_X8R8G8B8,500x500x1.
11:36:02: [Hydrax] Perlin destroyed.
11:36:02: [Hydrax] ProjectedGridVertex destroyed.
11:36:02: [Hydrax] Perlin destroyed.
11:36:02: [Hydrax] Hydrax object removed.
11:36:02: DefaultWorkQueue('Root') shutting down on thread 00AAD808.
11:36:02: DefaultWorkQueue('Root')::WorkerFunc - thread 0438B840 stopped.
11:36:02: DefaultWorkQueue('Root')::WorkerFunc - thread 00B9F0C8 stopped.
11:36:02: DefaultWorkQueue('Root')::WorkerFunc - thread 00B9FD08 stopped.
11:36:02: DefaultWorkQueue('Root')::WorkerFunc - thread 00B9F088 stopped.
11:36:02: PCZone Factory Type 'ZoneType_Octree' unregistered
11:36:02: PCZone Factory Type 'ZoneType_Terrain' unregistered
11:36:02: Unregistering ResourceManager for type BspLevel
11:36:03: *-*-* OGRE Shutdown
11:36:03: Unregistering ResourceManager for type Compositor
11:36:03: Unregistering ResourceManager for type Font
11:36:03: Unregistering ResourceManager for type Skeleton
11:36:03: Unregistering ResourceManager for type Mesh
11:36:03: Unregistering ResourceManager for type HighLevelGpuProgram
11:36:03: Uninstalling plugin: Octree & Terrain Scene Manager
11:36:03: Plugin successfully uninstalled
11:36:03: Unloading library .\Plugin_OctreeSceneManager_d
11:36:03: Uninstalling plugin: Octree Zone Factory
11:36:03: Plugin successfully uninstalled
11:36:03: Unloading library .\Plugin_OctreeZone_d
11:36:03: Uninstalling plugin: Portal Connected Zone Scene Manager
11:36:03: Plugin successfully uninstalled
11:36:03: Unloading library .\Plugin_PCZSceneManager_d
11:36:03: Uninstalling plugin: Cg Program Manager
11:36:03: Plugin successfully uninstalled
11:36:03: Unloading library .\Plugin_CgProgramManager_d
11:36:03: Uninstalling plugin: BSP Scene Manager
11:36:03: Plugin successfully uninstalled
11:36:03: Unloading library .\Plugin_BSPSceneManager_d
11:36:03: Uninstalling plugin: ParticleFX
11:36:03: Plugin successfully uninstalled
11:36:03: Unloading library .\Plugin_ParticleFX_d
11:36:03: Uninstalling plugin: GL RenderSystem
11:36:03: *** Stopping Win32GL Subsystem ***
11:36:03: Plugin successfully uninstalled
11:36:03: Unloading library .\RenderSystem_GL_d
11:36:03: Uninstalling plugin: D3D9 RenderSystem
11:36:03: D3D9 : Shutting down cleanly.
11:36:03: Unregistering ResourceManager for type Texture
11:36:03: Unregistering ResourceManager for type GpuProgram
11:36:03: D3D9 : Direct3D9 Rendering Subsystem destroyed.
11:36:03: Plugin successfully uninstalled
11:36:03: Unloading library .\RenderSystem_Direct3D9_d
11:36:03: Unregistering ResourceManager for type Material
