08:03:56: Creating resource group General
08:03:56: Creating resource group Internal
08:03:56: Creating resource group Autodetect
08:03:56: SceneManagerFactory for type 'DefaultSceneManager' registered.
08:03:56: Registering ResourceManager for type Material
08:03:56: Registering ResourceManager for type Mesh
08:03:56: Registering ResourceManager for type Skeleton
08:03:56: MovableObjectFactory for type 'ParticleSystem' registered.
08:03:56: OverlayElementFactory for type Panel registered.
08:03:56: OverlayElementFactory for type BorderPanel registered.
08:03:56: OverlayElementFactory for type TextArea registered.
08:03:56: Registering ResourceManager for type Font
08:03:56: ArchiveFactory for archive type FileSystem registered.
08:03:56: ArchiveFactory for archive type Zip registered.
08:03:56: DDS codec registering
08:03:56: FreeImage version: 3.13.1
08:03:56: This program uses FreeImage, a free, open source image library supporting all common bitmap formats. See http://freeimage.sourceforge.net for details
08:03:56: Supported formats: bmp,ico,jpg,jif,jpeg,jpe,jng,koa,iff,lbm,mng,pbm,pbm,pcd,pcx,pgm,pgm,png,ppm,ppm,ras,tga,targa,tif,tiff,wap,wbmp,wbm,psd,cut,xbm,xpm,gif,hdr,g3,sgi,exr,j2k,j2c,jp2,pfm,pct,pict,pic,bay,bmq,cr2,crw,cs1,dc2,dcr,dng,erf,fff,hdr,k25,kdc,mdc,mos,mrw,nef,orf,pef,pxn,raf,raw,rdc,sr2,srf,arw,3fr,cine,ia,kc2,mef,nrw,qtk,rw2,sti,drf,dsc,ptx,cap,iiq,rwz
08:03:56: Registering ResourceManager for type HighLevelGpuProgram
08:03:56: Registering ResourceManager for type Compositor
08:03:56: MovableObjectFactory for type 'Entity' registered.
08:03:56: MovableObjectFactory for type 'Light' registered.
08:03:56: MovableObjectFactory for type 'BillboardSet' registered.
08:03:56: MovableObjectFactory for type 'ManualObject' registered.
08:03:56: MovableObjectFactory for type 'BillboardChain' registered.
08:03:56: MovableObjectFactory for type 'RibbonTrail' registered.
08:03:56: Loading library .\RenderSystem_Direct3D9
08:03:57: Installing plugin: D3D9 RenderSystem
08:03:57: D3D9 : Direct3D9 Rendering Subsystem created.
08:03:57: D3D9: Driver Detection Starts
08:03:57: D3D9: Driver Detection Ends
08:03:57: Plugin successfully installed
08:03:57: Loading library .\RenderSystem_GL
08:03:57: Installing plugin: GL RenderSystem
08:03:57: OpenGL Rendering Subsystem created.
08:03:57: Plugin successfully installed
08:03:57: Loading library .\Plugin_ParticleFX
08:03:57: Installing plugin: ParticleFX
08:03:57: Particle Emitter Type 'Point' registered
08:03:57: Particle Emitter Type 'Box' registered
08:03:57: Particle Emitter Type 'Ellipsoid' registered
08:03:57: Particle Emitter Type 'Cylinder' registered
08:03:57: Particle Emitter Type 'Ring' registered
08:03:57: Particle Emitter Type 'HollowEllipsoid' registered
08:03:57: Particle Affector Type 'LinearForce' registered
08:03:57: Particle Affector Type 'ColourFader' registered
08:03:57: Particle Affector Type 'ColourFader2' registered
08:03:57: Particle Affector Type 'ColourImage' registered
08:03:57: Particle Affector Type 'ColourInterpolator' registered
08:03:57: Particle Affector Type 'Scaler' registered
08:03:57: Particle Affector Type 'Rotator' registered
08:03:57: Particle Affector Type 'DirectionRandomiser' registered
08:03:57: Particle Affector Type 'DeflectorPlane' registered
08:03:57: Plugin successfully installed
08:03:57: Loading library .\Plugin_BSPSceneManager
08:03:57: Installing plugin: BSP Scene Manager
08:03:57: Plugin successfully installed
08:03:57: Loading library .\Plugin_CgProgramManager
08:03:57: Installing plugin: Cg Program Manager
08:03:57: Plugin successfully installed
08:03:57: Loading library .\Plugin_PCZSceneManager
08:03:57: Installing plugin: Portal Connected Zone Scene Manager
08:03:57: PCZone Factory Type 'ZoneType_Default' registered
08:03:57: Plugin successfully installed
08:03:57: Loading library .\Plugin_OctreeZone
08:03:57: Installing plugin: Octree Zone Factory
08:03:57: Plugin successfully installed
08:03:57: Loading library .\Plugin_OctreeSceneManager
08:03:57: Installing plugin: Octree & Terrain Scene Manager
08:03:57: Plugin successfully installed
08:03:57: *-*-* OGRE Initialising
08:03:57: *-*-* Version 1.7.2 (Cthugha)
08:03:57: Creating resource group Essential
08:03:57: Added resource location '../../media/thumbnails' of type 'FileSystem' to resource group 'Essential'
08:03:57: Added resource location '../../media/packs/SdkTrays.zip' of type 'Zip' to resource group 'Essential'
08:03:57: Added resource location '../../media' of type 'FileSystem' to resource group 'General'
08:03:57: Added resource location '../../media/packs/SkyBoxes.zip' of type 'Zip' to resource group 'General'
08:03:57: Creating resource group Hydrax
08:03:57: Added resource location '../../Media/Hydrax' of type 'FileSystem' to resource group 'Hydrax'
08:03:57: Creating resource group OgreBulletCollisions
08:03:57: Added resource location '../../media/OgreBulletCollisions' of type 'FileSystem' to resource group 'OgreBulletCollisions'
08:03:57: Creating resource group Popular
08:03:57: Added resource location '../../media/materials/programs' of type 'FileSystem' to resource group 'Popular'
08:03:57: Added resource location '../../media/materials/scripts' of type 'FileSystem' to resource group 'Popular'
08:03:57: Added resource location '../../media/materials/textures' of type 'FileSystem' to resource group 'Popular'
08:03:57: Added resource location '../../media/models' of type 'FileSystem' to resource group 'Popular'
08:03:57: Added resource location '../../media/particle' of type 'FileSystem' to resource group 'Popular'
08:03:57: D3D9 : RenderSystem Option: Allow NVPerfHUD = Yes
08:03:57: D3D9 : RenderSystem Option: FSAA = 0
08:03:57: D3D9 : RenderSystem Option: Floating-point mode = Fastest
08:03:57: D3D9 : RenderSystem Option: Full Screen = No
08:03:57: D3D9 : RenderSystem Option: Rendering Device = Monitor-1-NVIDIA Quadro FX 580
08:03:57: D3D9 : RenderSystem Option: Resource Creation Policy = Create on all devices
08:03:57: D3D9 : RenderSystem Option: VSync = No
08:03:57: D3D9 : RenderSystem Option: VSync Interval = 1
08:03:57: D3D9 : RenderSystem Option: Video Mode = 1360 x 768 @ 32-bit colour
08:03:57: D3D9 : RenderSystem Option: sRGB Gamma Conversion = No
08:03:58: CPU Identifier & Features
08:03:58: -------------------------
08:03:58:  *   CPU ID: AuthenticAMD: AMD Athlon(tm) II X4 630 Processor
08:03:58:  *      SSE: yes
08:03:58:  *     SSE2: yes
08:03:58:  *     SSE3: yes
08:03:58:  *      MMX: yes
08:03:58:  *   MMXEXT: yes
08:03:58:  *    3DNOW: yes
08:03:58:  * 3DNOWEXT: yes
08:03:58:  *     CMOV: yes
08:03:58:  *      TSC: yes
08:03:58:  *      FPU: yes
08:03:58:  *      PRO: yes
08:03:58:  *       HT: no
08:03:58: -------------------------
08:03:58: D3D9 : Subsystem Initialising
08:03:58: Registering ResourceManager for type Texture
08:03:58: Registering ResourceManager for type GpuProgram
08:03:58: D3D9RenderSystem::_createRenderWindow "__The_Chain_Reaction__", 1360x768 windowed  miscParams: FSAA=0 FSAAHint= colourDepth=32 gamma=false monitorIndex=0 useNVPerfHUD=true vsync=false vsyncInterval=1 
08:03:58: D3D9 : Created D3D9 Rendering Window '__The_Chain_Reaction__' : 1360x768, 32bpp
08:03:58: D3D9 : WARNING - disabling VSync in windowed mode can cause timing issues at lower frame rates, turn VSync on if you observe this problem.
08:03:58: D3D9: Vertex texture format supported - PF_FLOAT16_RGB
08:03:58: D3D9: Vertex texture format supported - PF_FLOAT16_RGBA
08:03:58: D3D9: Vertex texture format supported - PF_FLOAT32_RGB
08:03:58: D3D9: Vertex texture format supported - PF_FLOAT32_RGBA
08:03:58: D3D9: Vertex texture format supported - PF_FLOAT16_R
08:03:58: D3D9: Vertex texture format supported - PF_FLOAT32_R
08:03:58: D3D9: Vertex texture format supported - PF_FLOAT16_GR
08:03:58: D3D9: Vertex texture format supported - PF_FLOAT32_GR
08:03:58: RenderSystem capabilities
08:03:58: -------------------------
08:03:58: RenderSystem Name: Direct3D9 Rendering Subsystem
08:03:58: GPU Vendor: nvidia
08:03:58: Device Name: Monitor-1-NVIDIA Quadro FX 580
08:03:58: Driver Version: 8.17.12.7642
08:03:58:  * Fixed function pipeline: yes
08:03:58:  * Hardware generation of mipmaps: yes
08:03:58:  * Texture blending: yes
08:03:58:  * Anisotropic texture filtering: yes
08:03:58:  * Dot product texture operation: yes
08:03:58:  * Cube mapping: yes
08:03:58:  * Hardware stencil buffer: yes
08:03:58:    - Stencil depth: 8
08:03:58:    - Two sided stencil support: yes
08:03:58:    - Wrap stencil values: yes
08:03:58:  * Hardware vertex / index buffers: yes
08:03:58:  * Vertex programs: yes
08:03:58:  * Number of floating-point constants for vertex programs: 256
08:03:58:  * Number of integer constants for vertex programs: 16
08:03:58:  * Number of boolean constants for vertex programs: 16
08:03:58:  * Fragment programs: yes
08:03:58:  * Number of floating-point constants for fragment programs: 224
08:03:58:  * Number of integer constants for fragment programs: 16
08:03:58:  * Number of boolean constants for fragment programs: 16
08:03:58:  * Geometry programs: no
08:03:58:  * Number of floating-point constants for geometry programs: 0
08:03:58:  * Number of integer constants for geometry programs: 0
08:03:58:  * Number of boolean constants for geometry programs: 0
08:03:58:  * Supported Shader Profiles: hlsl ps_1_1 ps_1_2 ps_1_3 ps_1_4 ps_2_0 ps_2_a ps_2_b ps_2_x ps_3_0 vs_1_1 vs_2_0 vs_2_a vs_2_x vs_3_0
08:03:58:  * Texture Compression: yes
08:03:58:    - DXT: yes
08:03:58:    - VTC: no
08:03:58:    - PVRTC: no
08:03:58:  * Scissor Rectangle: yes
08:03:58:  * Hardware Occlusion Query: yes
08:03:58:  * User clip planes: yes
08:03:58:  * VET_UBYTE4 vertex element type: yes
08:03:58:  * Infinite far plane projection: yes
08:03:58:  * Hardware render-to-texture: yes
08:03:58:  * Floating point textures: yes
08:03:58:  * Non-power-of-two textures: yes
08:03:58:  * Volume textures: yes
08:03:58:  * Multiple Render Targets: 4
08:03:58:    - With different bit depths: yes
08:03:58:  * Point Sprites: yes
08:03:58:  * Extended point parameters: yes
08:03:58:  * Max Point Size: 10
08:03:58:  * Vertex texture fetch: yes
08:03:58:  * Number of world matrices: 0
08:03:58:  * Number of texture units: 8
08:03:58:  * Stencil buffer depth: 8
08:03:58:  * Number of vertex blend matrices: 0
08:03:58:    - Max vertex textures: 4
08:03:58:    - Vertex textures shared: no
08:03:58:  * Render to Vertex Buffer : no
08:03:58:  * DirectX per stage constants: yes
08:03:58: ***************************************
08:03:58: *** D3D9 : Subsystem Initialised OK ***
08:03:58: ***************************************
08:03:58: DefaultWorkQueue('Root') initialising on thread 005FFEB8.
08:03:58: DefaultWorkQueue('Root')::WorkerFunc - thread 006D9260 starting.
08:03:58: DefaultWorkQueue('Root')::WorkerFunc - thread 006D92D0 starting.
08:03:58: DefaultWorkQueue('Root')::WorkerFunc - thread 006D93C0 starting.
08:03:58: Particle Renderer Type 'billboard' registered
08:03:58: SceneManagerFactory for type 'BspSceneManager' registered.
08:03:58: DefaultWorkQueue('Root')::WorkerFunc - thread 006D9790 starting.
08:03:58: Registering ResourceManager for type BspLevel
08:03:58: SceneManagerFactory for type 'PCZSceneManager' registered.
08:03:58: MovableObjectFactory for type 'PCZLight' registered.
08:03:58: MovableObjectFactory for type 'Portal' registered.
08:03:58: MovableObjectFactory for type 'AntiPortal' registered.
08:03:58: PCZone Factory Type 'ZoneType_Octree' registered
08:03:58: PCZone Factory Type 'ZoneType_Terrain' registered
08:03:58: SceneManagerFactory for type 'OctreeSceneManager' registered.
08:03:58: SceneManagerFactory for type 'TerrainSceneManager' registered.
08:03:58: TerrainSceneManager: Registered a new PageSource for type Heightmap
08:03:58: Initialising resource group Essential
08:03:58: Parsing scripts for resource group Essential
08:03:58: Parsing script SdkTrays.material
08:03:58: Parsing script SdkTrays.fontdef
08:03:58: Parsing script SdkTrays.overlay
08:03:58: Bad element attribute line: '# you can offset the image to change the cursor "hotspot"' for element SdkTrays/Cursor in overlay 
08:03:58: Texture: sdk_cursor.png: Loading 1 faces(PF_A8R8G8B8,32x32x1) with  hardware generated mipmaps from Image. Internal format is PF_A8R8G8B8,32x32x1.
08:03:58: Texture: sdk_tray.png: Loading 1 faces(PF_A8R8G8B8,64x64x1) with  hardware generated mipmaps from Image. Internal format is PF_A8R8G8B8,64x64x1.
08:03:58: Texture: sdk_button_up.png: Loading 1 faces(PF_A8R8G8B8,128x32x1) with  hardware generated mipmaps from Image. Internal format is PF_A8R8G8B8,128x32x1.
08:03:58: Texture: sdk_text_box.png: Loading 1 faces(PF_A8R8G8B8,32x32x1) with  hardware generated mipmaps from Image. Internal format is PF_A8R8G8B8,32x32x1.
08:03:58: Texture: sdk_mini_tray.png: Loading 1 faces(PF_A8R8G8B8,32x32x1) with  hardware generated mipmaps from Image. Internal format is PF_A8R8G8B8,32x32x1.
08:03:58: Texture: sdk_track.png: Loading 1 faces(PF_A8R8G8B8,16x32x1) with  hardware generated mipmaps from Image. Internal format is PF_A8R8G8B8,16x32x1.
08:03:58: Texture: sdk_handle.png: Loading 1 faces(PF_A8R8G8B8,16x16x1) with  hardware generated mipmaps from Image. Internal format is PF_A8R8G8B8,16x16x1.
08:03:58: Texture: sdk_mini_text_box.png: Loading 1 faces(PF_A8R8G8B8,32x32x1) with  hardware generated mipmaps from Image. Internal format is PF_A8R8G8B8,32x32x1.
08:03:58: Texture: sdk_label.png: Loading 1 faces(PF_A8R8G8B8,32x32x1) with  hardware generated mipmaps from Image. Internal format is PF_A8R8G8B8,32x32x1.
08:03:58: Texture: sdk_separator.png: Loading 1 faces(PF_A8R8G8B8,64x16x1) with  hardware generated mipmaps from Image. Internal format is PF_A8R8G8B8,64x16x1.
08:03:58: Texture: sdk_logo.png: Loading 1 faces(PF_A8R8G8B8,128x64x1) with  hardware generated mipmaps from Image. Internal format is PF_A8R8G8B8,128x64x1.
08:03:58: Texture: sdk_shade.png: Loading 1 faces(PF_A8R8G8B8,64x48x1) with 5 generated mipmaps from Image. Internal format is PF_A8R8G8B8,64x48x1.
08:03:58: Texture: sdk_frame.png: Loading 1 faces(PF_A8R8G8B8,32x32x1) with  hardware generated mipmaps from Image. Internal format is PF_A8R8G8B8,32x32x1.
08:03:58: Texture: sdk_mini_text_box_over.png: Loading 1 faces(PF_A8R8G8B8,32x32x1) with  hardware generated mipmaps from Image. Internal format is PF_A8R8G8B8,32x32x1.
08:03:58: Texture: sdk_pulse.png: Loading 1 faces(PF_R8G8B8,8x1x1) with  hardware generated mipmaps from Image. Internal format is PF_X8R8G8B8,8x1x1.
08:03:58: Finished parsing scripts for resource group Essential
08:03:58: *** Initializing OIS ***
08:03:58: Parsing scripts for resource group Autodetect
08:03:58: Font SdkTrays/Captionusing texture size 512x256
08:03:58: Info: Freetype returned null for character 160 in font SdkTrays/Caption
08:03:58: Texture: SdkTrays/CaptionTexture: Loading 1 faces(PF_BYTE_LA,512x256x1) with 0 generated mipmaps from Image. Internal format is PF_BYTE_LA,512x256x1.
08:03:58: Font SdkTrays/Valueusing texture size 512x256
08:03:58: Info: Freetype returned null for character 127 in font SdkTrays/Value
08:03:58: Info: Freetype returned null for character 128 in font SdkTrays/Value
08:03:58: Info: Freetype returned null for character 129 in font SdkTrays/Value
08:03:58: Info: Freetype returned null for character 130 in font SdkTrays/Value
08:03:58: Info: Freetype returned null for character 131 in font SdkTrays/Value
08:03:58: Info: Freetype returned null for character 132 in font SdkTrays/Value
08:03:58: Info: Freetype returned null for character 133 in font SdkTrays/Value
08:03:58: Info: Freetype returned null for character 134 in font SdkTrays/Value
08:03:58: Info: Freetype returned null for character 135 in font SdkTrays/Value
08:03:58: Info: Freetype returned null for character 136 in font SdkTrays/Value
08:03:58: Info: Freetype returned null for character 137 in font SdkTrays/Value
08:03:58: Info: Freetype returned null for character 138 in font SdkTrays/Value
08:03:58: Info: Freetype returned null for character 139 in font SdkTrays/Value
08:03:58: Info: Freetype returned null for character 140 in font SdkTrays/Value
08:03:58: Info: Freetype returned null for character 141 in font SdkTrays/Value
08:03:58: Info: Freetype returned null for character 142 in font SdkTrays/Value
08:03:58: Info: Freetype returned null for character 143 in font SdkTrays/Value
08:03:58: Info: Freetype returned null for character 144 in font SdkTrays/Value
08:03:58: Info: Freetype returned null for character 145 in font SdkTrays/Value
08:03:58: Info: Freetype returned null for character 146 in font SdkTrays/Value
08:03:58: Info: Freetype returned null for character 147 in font SdkTrays/Value
08:03:58: Info: Freetype returned null for character 148 in font SdkTrays/Value
08:03:58: Info: Freetype returned null for character 149 in font SdkTrays/Value
08:03:58: Info: Freetype returned null for character 150 in font SdkTrays/Value
08:03:58: Info: Freetype returned null for character 151 in font SdkTrays/Value
08:03:58: Info: Freetype returned null for character 152 in font SdkTrays/Value
08:03:58: Info: Freetype returned null for character 153 in font SdkTrays/Value
08:03:58: Info: Freetype returned null for character 154 in font SdkTrays/Value
08:03:58: Info: Freetype returned null for character 155 in font SdkTrays/Value
08:03:58: Info: Freetype returned null for character 156 in font SdkTrays/Value
08:03:58: Info: Freetype returned null for character 157 in font SdkTrays/Value
08:03:58: Info: Freetype returned null for character 158 in font SdkTrays/Value
08:03:58: Info: Freetype returned null for character 159 in font SdkTrays/Value
08:03:58: Info: Freetype returned null for character 160 in font SdkTrays/Value
08:03:58: Texture: SdkTrays/ValueTexture: Loading 1 faces(PF_BYTE_LA,512x256x1) with 0 generated mipmaps from Image. Internal format is PF_BYTE_LA,512x256x1.
08:03:58: Finished parsing scripts for resource group Autodetect
08:03:58: Parsing scripts for resource group General
08:03:58: Finished parsing scripts for resource group General
08:03:58: Parsing scripts for resource group Hydrax
08:03:58: Finished parsing scripts for resource group Hydrax
08:03:58: Parsing scripts for resource group Internal
08:03:58: Finished parsing scripts for resource group Internal
08:03:58: Parsing scripts for resource group OgreBulletCollisions
08:03:58: Finished parsing scripts for resource group OgreBulletCollisions
08:03:58: Parsing scripts for resource group Popular
08:03:58: Parsing script StdQuad_vp.program
08:03:58: Parsing script Bloom.material
08:03:59: Parsing script Bloom2.material
08:03:59: Parsing script CompositorDemo.material
08:03:59: Parsing script delorean.material
08:03:59: Parsing script Examples-Water.material
08:03:59: Parsing script hdr.material
08:03:59: Parsing script ladder.material
08:03:59: Parsing script lever.material
08:03:59: Parsing script mechanimated.material
08:03:59: Parsing script MotionBlur.material
08:03:59: Parsing script RadialBlur.material
08:03:59: Parsing script rocket.material
08:03:59: Parsing script saturnv.material
08:03:59: Parsing script SkyBox.material
08:03:59: Parsing script smoke.material
08:03:59: Parsing script terrain_ground.material
08:03:59: Parsing script wheel.material
08:03:59: Parsing script yatch.material
08:03:59: Parsing script smoke.particle
08:03:59: Parsing script Examples.compositor
08:03:59: Finished parsing scripts for resource group Popular
08:03:59: Texture: ct_fr.png: Loading 1 faces(PF_R8G8B8,512x512x1) with  hardware generated mipmaps from Image. Internal format is PF_X8R8G8B8,512x512x1.
08:03:59: Texture: ct_bk.png: Loading 1 faces(PF_R8G8B8,512x512x1) with  hardware generated mipmaps from Image. Internal format is PF_X8R8G8B8,512x512x1.
08:03:59: Texture: ct_lf.png: Loading 1 faces(PF_R8G8B8,512x512x1) with  hardware generated mipmaps from Image. Internal format is PF_X8R8G8B8,512x512x1.
08:03:59: Texture: ct_rt.png: Loading 1 faces(PF_R8G8B8,512x512x1) with  hardware generated mipmaps from Image. Internal format is PF_X8R8G8B8,512x512x1.
08:03:59: Texture: ct_up.png: Loading 1 faces(PF_R8G8B8,512x512x1) with  hardware generated mipmaps from Image. Internal format is PF_X8R8G8B8,512x512x1.
08:03:59: Texture: ct_dn.png: Loading 1 faces(PF_R8G8B8,512x512x1) with  hardware generated mipmaps from Image. Internal format is PF_X8R8G8B8,512x512x1.
08:03:59: Mesh: Loading delorean.mesh.
08:03:59: Mesh: Loading wheel.mesh.
08:03:59: WARNING: wheel.mesh is an older format ([MeshSerializer_v1.40]); you should upgrade it as soon as possible using the OgreMeshUpgrade tool.
08:03:59: Texture: Tire_tex.png: Loading 1 faces(PF_A8R8G8B8,256x256x1) with  hardware generated mipmaps from Image. Internal format is PF_A8R8G8B8,256x256x1.
08:03:59: *** Initializing OIS ***
08:03:59: Mesh: Loading terrain_ground.mesh.
08:03:59: Texture: grass.jpg: Loading 1 faces(PF_R8G8B8,500x500x1) with 5 generated mipmaps from Image. Internal format is PF_X8R8G8B8,500x500x1.
08:03:59: Texture: brick.jpg: Loading 1 faces(PF_R8G8B8,696x648x1) with 5 generated mipmaps from Image. Internal format is PF_X8R8G8B8,696x648x1.
08:03:59: Texture: wood.jpg: Loading 1 faces(PF_R8G8B8,468x313x1) with 5 generated mipmaps from Image. Internal format is PF_X8R8G8B8,468x313x1.
08:04:00: Texture: wood02.jpg: Loading 1 faces(PF_R8G8B8,500x500x1) with 5 generated mipmaps from Image. Internal format is PF_X8R8G8B8,500x500x1.
08:04:00: Texture: steel.jpg: Loading 1 faces(PF_R8G8B8,1440x1335x1) with 5 generated mipmaps from Image. Internal format is PF_X8R8G8B8,1440x1335x1.
